mode: set
mawinter-server/cmd/mawinter-register/fixmonth.go:38.54,40.3 1 0
mawinter-server/cmd/mawinter-register/fixmonth.go:43.36,45.16 2 0
mawinter-server/cmd/mawinter-register/fixmonth.go:45.16,48.3 2 0
mawinter-server/cmd/mawinter-register/fixmonth.go:49.2,51.16 3 0
mawinter-server/cmd/mawinter-register/fixmonth.go:51.16,54.3 2 0
mawinter-server/cmd/mawinter-register/fixmonth.go:55.2,59.77 5 0
mawinter-server/cmd/mawinter-register/fixmonth.go:62.13,70.2 7 0
mawinter-server/cmd/mawinter-register/main.go:3.13,5.2 1 0
mawinter-server/cmd/mawinter-register/root.go:22.16,24.16 2 0
mawinter-server/cmd/mawinter-register/root.go:24.16,26.3 1 0
mawinter-server/cmd/mawinter-register/root.go:28.13,38.2 1 0
mawinter-server/cmd/mawinter/duplicatecheck.go:17.13,19.16 2 0
mawinter-server/cmd/mawinter/duplicatecheck.go:19.16,20.13 1 0
mawinter-server/cmd/mawinter/duplicatecheck.go:22.2,22.9 1 0
mawinter-server/cmd/mawinter/duplicatecheck.go:49.47,52.3 2 0
mawinter-server/cmd/mawinter/duplicatecheck.go:55.13,73.2 8 0
mawinter-server/cmd/mawinter/duplicatecheck.go:75.24,79.34 3 0
mawinter-server/cmd/mawinter/duplicatecheck.go:79.34,81.3 1 0
mawinter-server/cmd/mawinter/duplicatecheck.go:81.8,84.3 1 0
mawinter-server/cmd/mawinter/duplicatecheck.go:86.2,87.16 2 0
mawinter-server/cmd/mawinter/duplicatecheck.go:87.16,90.3 2 0
mawinter-server/cmd/mawinter/duplicatecheck.go:91.2,98.16 7 0
mawinter-server/cmd/mawinter/duplicatecheck.go:98.16,101.3 2 0
mawinter-server/cmd/mawinter/duplicatecheck.go:102.2,110.40 6 0
mawinter-server/cmd/mawinter/main.go:3.13,5.2 1 0
mawinter-server/cmd/mawinter/root.go:22.16,24.16 2 0
mawinter-server/cmd/mawinter/root.go:24.16,26.3 1 0
mawinter-server/cmd/mawinter/root.go:28.13,38.2 1 0
mawinter-server/cmd/mawinter/start.go:48.54,50.3 1 0
mawinter-server/cmd/mawinter/start.go:53.26,55.16 2 0
mawinter-server/cmd/mawinter/start.go:55.16,58.3 2 0
mawinter-server/cmd/mawinter/start.go:59.2,62.16 3 0
mawinter-server/cmd/mawinter/start.go:62.16,65.3 2 0
mawinter-server/cmd/mawinter/start.go:66.2,77.23 9 0
mawinter-server/cmd/mawinter/start.go:80.13,88.2 7 0
mawinter-server/internal/client/mail.go:16.98,24.113 5 0
mawinter-server/internal/client/mail.go:24.113,26.3 1 0
mawinter-server/internal/client/mail.go:28.2,28.12 1 0
mawinter-server/internal/factory/db.go:17.97,19.16 2 0
mawinter-server/internal/factory/db.go:19.16,21.3 1 0
mawinter-server/internal/factory/db.go:23.2,26.38 4 0
mawinter-server/internal/factory/db.go:26.38,28.17 2 0
mawinter-server/internal/factory/db.go:28.17,31.9 2 0
mawinter-server/internal/factory/db.go:33.3,35.26 2 0
mawinter-server/internal/factory/db.go:35.26,38.4 2 0
mawinter-server/internal/factory/db.go:40.3,40.51 1 0
mawinter-server/internal/factory/db.go:43.2,43.46 1 0
mawinter-server/internal/factory/db.go:46.97,48.16 2 0
mawinter-server/internal/factory/db.go:48.16,50.3 1 0
mawinter-server/internal/factory/db.go:52.2,55.38 4 0
mawinter-server/internal/factory/db.go:55.38,57.17 2 0
mawinter-server/internal/factory/db.go:57.17,60.9 2 0
mawinter-server/internal/factory/db.go:62.3,64.26 2 0
mawinter-server/internal/factory/db.go:64.26,67.4 2 0
mawinter-server/internal/factory/db.go:69.3,69.51 1 0
mawinter-server/internal/factory/db.go:72.2,72.46 1 0
mawinter-server/internal/factory/default.go:18.39,25.16 5 0
mawinter-server/internal/factory/default.go:25.16,27.3 1 0
mawinter-server/internal/factory/default.go:28.2,28.15 1 0
mawinter-server/internal/factory/default.go:31.69,35.2 3 0
mawinter-server/internal/factory/default.go:37.77,39.2 1 0
mawinter-server/internal/factory/default.go:41.117,43.2 1 0
mawinter-server/internal/factory/default.go:45.66,50.2 1 0
mawinter-server/internal/factory/default.go:52.41,63.2 5 0
mawinter-server/internal/factory/default.go:65.102,67.2 1 0
mawinter-server/internal/openapi/server.gen.go:60.68,62.2 1 0
mawinter-server/internal/openapi/server.gen.go:66.78,68.2 1 0
mawinter-server/internal/openapi/server.gen.go:72.102,74.2 1 0
mawinter-server/internal/openapi/server.gen.go:78.77,80.2 1 0
mawinter-server/internal/openapi/server.gen.go:84.81,86.2 1 0
mawinter-server/internal/openapi/server.gen.go:90.120,92.2 1 0
mawinter-server/internal/openapi/server.gen.go:96.90,98.2 1 0
mawinter-server/internal/openapi/server.gen.go:102.129,104.2 1 0
mawinter-server/internal/openapi/server.gen.go:107.104,109.2 1 0
mawinter-server/internal/openapi/server.gen.go:112.103,114.2 1 0
mawinter-server/internal/openapi/server.gen.go:118.141,120.2 1 0
mawinter-server/internal/openapi/server.gen.go:124.75,126.2 1 0
mawinter-server/internal/openapi/server.gen.go:138.80,141.88 2 0
mawinter-server/internal/openapi/server.gen.go:141.88,143.3 1 0
mawinter-server/internal/openapi/server.gen.go:145.2,145.52 1 0
mawinter-server/internal/openapi/server.gen.go:145.52,147.3 1 0
mawinter-server/internal/openapi/server.gen.go:149.2,149.42 1 0
mawinter-server/internal/openapi/server.gen.go:153.90,156.88 2 0
mawinter-server/internal/openapi/server.gen.go:156.88,158.3 1 0
mawinter-server/internal/openapi/server.gen.go:160.2,160.52 1 0
mawinter-server/internal/openapi/server.gen.go:160.52,162.3 1 0
mawinter-server/internal/openapi/server.gen.go:164.2,164.42 1 0
mawinter-server/internal/openapi/server.gen.go:168.88,179.16 5 0
mawinter-server/internal/openapi/server.gen.go:179.16,182.3 2 0
mawinter-server/internal/openapi/server.gen.go:186.2,187.16 2 0
mawinter-server/internal/openapi/server.gen.go:187.16,190.3 2 0
mawinter-server/internal/openapi/server.gen.go:192.2,192.88 1 0
mawinter-server/internal/openapi/server.gen.go:192.88,194.3 1 0
mawinter-server/internal/openapi/server.gen.go:196.2,196.52 1 0
mawinter-server/internal/openapi/server.gen.go:196.52,198.3 1 0
mawinter-server/internal/openapi/server.gen.go:200.2,200.42 1 0
mawinter-server/internal/openapi/server.gen.go:204.89,207.88 2 0
mawinter-server/internal/openapi/server.gen.go:207.88,209.3 1 0
mawinter-server/internal/openapi/server.gen.go:211.2,211.52 1 0
mawinter-server/internal/openapi/server.gen.go:211.52,213.3 1 0
mawinter-server/internal/openapi/server.gen.go:215.2,215.42 1 0
mawinter-server/internal/openapi/server.gen.go:219.93,222.88 2 0
mawinter-server/internal/openapi/server.gen.go:222.88,224.3 1 0
mawinter-server/internal/openapi/server.gen.go:226.2,226.52 1 0
mawinter-server/internal/openapi/server.gen.go:226.52,228.3 1 0
mawinter-server/internal/openapi/server.gen.go:230.2,230.42 1 0
mawinter-server/internal/openapi/server.gen.go:234.97,245.16 5 0
mawinter-server/internal/openapi/server.gen.go:245.16,248.3 2 0
mawinter-server/internal/openapi/server.gen.go:250.2,250.88 1 0
mawinter-server/internal/openapi/server.gen.go:250.88,252.3 1 0
mawinter-server/internal/openapi/server.gen.go:254.2,254.52 1 0
mawinter-server/internal/openapi/server.gen.go:254.52,256.3 1 0
mawinter-server/internal/openapi/server.gen.go:258.2,258.42 1 0
mawinter-server/internal/openapi/server.gen.go:262.92,271.16 5 0
mawinter-server/internal/openapi/server.gen.go:271.16,274.3 2 0
mawinter-server/internal/openapi/server.gen.go:276.2,276.88 1 0
mawinter-server/internal/openapi/server.gen.go:276.88,278.3 1 0
mawinter-server/internal/openapi/server.gen.go:280.2,280.52 1 0
mawinter-server/internal/openapi/server.gen.go:280.52,282.3 1 0
mawinter-server/internal/openapi/server.gen.go:284.2,284.42 1 0
mawinter-server/internal/openapi/server.gen.go:288.94,297.16 5 0
mawinter-server/internal/openapi/server.gen.go:297.16,300.3 2 0
mawinter-server/internal/openapi/server.gen.go:303.2,308.16 3 0
mawinter-server/internal/openapi/server.gen.go:308.16,311.3 2 0
mawinter-server/internal/openapi/server.gen.go:315.2,316.16 2 0
mawinter-server/internal/openapi/server.gen.go:316.16,319.3 2 0
mawinter-server/internal/openapi/server.gen.go:321.2,321.88 1 0
mawinter-server/internal/openapi/server.gen.go:321.88,323.3 1 0
mawinter-server/internal/openapi/server.gen.go:325.2,325.52 1 0
mawinter-server/internal/openapi/server.gen.go:325.52,327.3 1 0
mawinter-server/internal/openapi/server.gen.go:329.2,329.42 1 0
mawinter-server/internal/openapi/server.gen.go:333.101,342.16 5 0
mawinter-server/internal/openapi/server.gen.go:342.16,345.3 2 0
mawinter-server/internal/openapi/server.gen.go:347.2,347.88 1 0
mawinter-server/internal/openapi/server.gen.go:347.88,349.3 1 0
mawinter-server/internal/openapi/server.gen.go:351.2,351.52 1 0
mawinter-server/internal/openapi/server.gen.go:351.52,353.3 1 0
mawinter-server/internal/openapi/server.gen.go:355.2,355.42 1 0
mawinter-server/internal/openapi/server.gen.go:359.100,368.16 5 0
mawinter-server/internal/openapi/server.gen.go:368.16,371.3 2 0
mawinter-server/internal/openapi/server.gen.go:373.2,373.88 1 0
mawinter-server/internal/openapi/server.gen.go:373.88,375.3 1 0
mawinter-server/internal/openapi/server.gen.go:377.2,377.52 1 0
mawinter-server/internal/openapi/server.gen.go:377.52,379.3 1 0
mawinter-server/internal/openapi/server.gen.go:381.2,381.42 1 0
mawinter-server/internal/openapi/server.gen.go:385.100,394.16 5 0
mawinter-server/internal/openapi/server.gen.go:394.16,397.3 2 0
mawinter-server/internal/openapi/server.gen.go:400.2,405.16 3 0
mawinter-server/internal/openapi/server.gen.go:405.16,408.3 2 0
mawinter-server/internal/openapi/server.gen.go:410.2,410.88 1 0
mawinter-server/internal/openapi/server.gen.go:410.88,412.3 1 0
mawinter-server/internal/openapi/server.gen.go:414.2,414.52 1 0
mawinter-server/internal/openapi/server.gen.go:414.52,416.3 1 0
mawinter-server/internal/openapi/server.gen.go:418.2,418.42 1 0
mawinter-server/internal/openapi/server.gen.go:422.87,425.88 2 0
mawinter-server/internal/openapi/server.gen.go:425.88,427.3 1 0
mawinter-server/internal/openapi/server.gen.go:429.2,429.52 1 0
mawinter-server/internal/openapi/server.gen.go:429.52,431.3 1 0
mawinter-server/internal/openapi/server.gen.go:433.2,433.42 1 0
mawinter-server/internal/openapi/server.gen.go:441.52,443.2 1 0
mawinter-server/internal/openapi/server.gen.go:445.52,447.2 1 0
mawinter-server/internal/openapi/server.gen.go:454.49,456.2 1 0
mawinter-server/internal/openapi/server.gen.go:458.49,460.2 1 0
mawinter-server/internal/openapi/server.gen.go:466.45,468.2 1 0
mawinter-server/internal/openapi/server.gen.go:475.46,477.2 1 0
mawinter-server/internal/openapi/server.gen.go:479.46,481.2 1 0
mawinter-server/internal/openapi/server.gen.go:488.50,490.2 1 0
mawinter-server/internal/openapi/server.gen.go:492.50,494.2 1 0
mawinter-server/internal/openapi/server.gen.go:501.53,503.2 1 0
mawinter-server/internal/openapi/server.gen.go:506.47,508.2 1 0
mawinter-server/internal/openapi/server.gen.go:518.68,522.2 1 0
mawinter-server/internal/openapi/server.gen.go:524.95,529.2 1 0
mawinter-server/internal/openapi/server.gen.go:532.84,535.14 2 0
mawinter-server/internal/openapi/server.gen.go:535.14,537.3 1 0
mawinter-server/internal/openapi/server.gen.go:538.2,538.37 1 0
mawinter-server/internal/openapi/server.gen.go:538.37,539.86 1 0
mawinter-server/internal/openapi/server.gen.go:539.86,541.4 1 0
mawinter-server/internal/openapi/server.gen.go:543.2,549.29 2 0
mawinter-server/internal/openapi/server.gen.go:549.29,551.3 1 0
mawinter-server/internal/openapi/server.gen.go:552.2,552.29 1 0
mawinter-server/internal/openapi/server.gen.go:552.29,554.3 1 0
mawinter-server/internal/openapi/server.gen.go:555.2,555.29 1 0
mawinter-server/internal/openapi/server.gen.go:555.29,557.3 1 0
mawinter-server/internal/openapi/server.gen.go:558.2,558.29 1 0
mawinter-server/internal/openapi/server.gen.go:558.29,560.3 1 0
mawinter-server/internal/openapi/server.gen.go:561.2,561.29 1 0
mawinter-server/internal/openapi/server.gen.go:561.29,563.3 1 0
mawinter-server/internal/openapi/server.gen.go:564.2,564.29 1 0
mawinter-server/internal/openapi/server.gen.go:564.29,566.3 1 0
mawinter-server/internal/openapi/server.gen.go:567.2,567.29 1 0
mawinter-server/internal/openapi/server.gen.go:567.29,569.3 1 0
mawinter-server/internal/openapi/server.gen.go:570.2,570.29 1 0
mawinter-server/internal/openapi/server.gen.go:570.29,572.3 1 0
mawinter-server/internal/openapi/server.gen.go:573.2,573.29 1 0
mawinter-server/internal/openapi/server.gen.go:573.29,575.3 1 0
mawinter-server/internal/openapi/server.gen.go:576.2,576.29 1 0
mawinter-server/internal/openapi/server.gen.go:576.29,578.3 1 0
mawinter-server/internal/openapi/server.gen.go:579.2,579.29 1 0
mawinter-server/internal/openapi/server.gen.go:579.29,581.3 1 0
mawinter-server/internal/openapi/server.gen.go:582.2,582.29 1 0
mawinter-server/internal/openapi/server.gen.go:582.29,584.3 1 0
mawinter-server/internal/openapi/server.gen.go:586.2,586.10 1 0
mawinter-server/internal/openapi/spec.gen.go:52.35,54.16 2 0
mawinter-server/internal/openapi/spec.gen.go:54.16,56.3 1 0
mawinter-server/internal/openapi/spec.gen.go:57.2,58.16 2 0
mawinter-server/internal/openapi/spec.gen.go:58.16,60.3 1 0
mawinter-server/internal/openapi/spec.gen.go:61.2,63.16 3 0
mawinter-server/internal/openapi/spec.gen.go:63.16,65.3 1 0
mawinter-server/internal/openapi/spec.gen.go:67.2,67.25 1 0
mawinter-server/internal/openapi/spec.gen.go:73.48,75.32 2 0
mawinter-server/internal/openapi/spec.gen.go:75.32,77.3 1 0
mawinter-server/internal/openapi/spec.gen.go:81.73,83.25 2 0
mawinter-server/internal/openapi/spec.gen.go:83.25,85.3 1 0
mawinter-server/internal/openapi/spec.gen.go:87.2,87.12 1 0
mawinter-server/internal/openapi/spec.gen.go:95.52,100.87 4 0
mawinter-server/internal/openapi/spec.gen.go:100.87,104.10 4 0
mawinter-server/internal/openapi/spec.gen.go:104.10,107.4 2 0
mawinter-server/internal/openapi/spec.gen.go:108.3,108.19 1 0
mawinter-server/internal/openapi/spec.gen.go:110.2,112.16 3 0
mawinter-server/internal/openapi/spec.gen.go:112.16,114.3 1 0
mawinter-server/internal/openapi/spec.gen.go:115.2,116.16 2 0
mawinter-server/internal/openapi/spec.gen.go:116.16,118.3 1 0
mawinter-server/internal/openapi/spec.gen.go:119.2,119.8 1 0
mawinter-server/internal/openapi/server.gen.go:60.68,62.2 1 0
mawinter-server/internal/openapi/server.gen.go:66.78,68.2 1 0
mawinter-server/internal/openapi/server.gen.go:72.102,74.2 1 0
mawinter-server/internal/openapi/server.gen.go:78.77,80.2 1 0
mawinter-server/internal/openapi/server.gen.go:84.81,86.2 1 0
mawinter-server/internal/openapi/server.gen.go:90.120,92.2 1 0
mawinter-server/internal/openapi/server.gen.go:96.90,98.2 1 0
mawinter-server/internal/openapi/server.gen.go:102.129,104.2 1 0
mawinter-server/internal/openapi/server.gen.go:107.104,109.2 1 0
mawinter-server/internal/openapi/server.gen.go:112.103,114.2 1 0
mawinter-server/internal/openapi/server.gen.go:118.141,120.2 1 0
mawinter-server/internal/openapi/server.gen.go:124.75,126.2 1 0
mawinter-server/internal/openapi/server.gen.go:138.80,141.88 2 0
mawinter-server/internal/openapi/server.gen.go:141.88,143.3 1 0
mawinter-server/internal/openapi/server.gen.go:145.2,145.52 1 0
mawinter-server/internal/openapi/server.gen.go:145.52,147.3 1 0
mawinter-server/internal/openapi/server.gen.go:149.2,149.42 1 0
mawinter-server/internal/openapi/server.gen.go:153.90,156.88 2 0
mawinter-server/internal/openapi/server.gen.go:156.88,158.3 1 0
mawinter-server/internal/openapi/server.gen.go:160.2,160.52 1 0
mawinter-server/internal/openapi/server.gen.go:160.52,162.3 1 0
mawinter-server/internal/openapi/server.gen.go:164.2,164.42 1 0
mawinter-server/internal/openapi/server.gen.go:168.88,179.16 5 0
mawinter-server/internal/openapi/server.gen.go:179.16,182.3 2 0
mawinter-server/internal/openapi/server.gen.go:186.2,187.16 2 0
mawinter-server/internal/openapi/server.gen.go:187.16,190.3 2 0
mawinter-server/internal/openapi/server.gen.go:192.2,192.88 1 0
mawinter-server/internal/openapi/server.gen.go:192.88,194.3 1 0
mawinter-server/internal/openapi/server.gen.go:196.2,196.52 1 0
mawinter-server/internal/openapi/server.gen.go:196.52,198.3 1 0
mawinter-server/internal/openapi/server.gen.go:200.2,200.42 1 0
mawinter-server/internal/openapi/server.gen.go:204.89,207.88 2 0
mawinter-server/internal/openapi/server.gen.go:207.88,209.3 1 0
mawinter-server/internal/openapi/server.gen.go:211.2,211.52 1 0
mawinter-server/internal/openapi/server.gen.go:211.52,213.3 1 0
mawinter-server/internal/openapi/server.gen.go:215.2,215.42 1 0
mawinter-server/internal/openapi/server.gen.go:219.93,222.88 2 0
mawinter-server/internal/openapi/server.gen.go:222.88,224.3 1 0
mawinter-server/internal/openapi/server.gen.go:226.2,226.52 1 0
mawinter-server/internal/openapi/server.gen.go:226.52,228.3 1 0
mawinter-server/internal/openapi/server.gen.go:230.2,230.42 1 0
mawinter-server/internal/openapi/server.gen.go:234.97,245.16 5 0
mawinter-server/internal/openapi/server.gen.go:245.16,248.3 2 0
mawinter-server/internal/openapi/server.gen.go:250.2,250.88 1 0
mawinter-server/internal/openapi/server.gen.go:250.88,252.3 1 0
mawinter-server/internal/openapi/server.gen.go:254.2,254.52 1 0
mawinter-server/internal/openapi/server.gen.go:254.52,256.3 1 0
mawinter-server/internal/openapi/server.gen.go:258.2,258.42 1 0
mawinter-server/internal/openapi/server.gen.go:262.92,271.16 5 0
mawinter-server/internal/openapi/server.gen.go:271.16,274.3 2 0
mawinter-server/internal/openapi/server.gen.go:276.2,276.88 1 0
mawinter-server/internal/openapi/server.gen.go:276.88,278.3 1 0
mawinter-server/internal/openapi/server.gen.go:280.2,280.52 1 0
mawinter-server/internal/openapi/server.gen.go:280.52,282.3 1 0
mawinter-server/internal/openapi/server.gen.go:284.2,284.42 1 0
mawinter-server/internal/openapi/server.gen.go:288.94,297.16 5 0
mawinter-server/internal/openapi/server.gen.go:297.16,300.3 2 0
mawinter-server/internal/openapi/server.gen.go:303.2,308.16 3 0
mawinter-server/internal/openapi/server.gen.go:308.16,311.3 2 0
mawinter-server/internal/openapi/server.gen.go:315.2,316.16 2 0
mawinter-server/internal/openapi/server.gen.go:316.16,319.3 2 0
mawinter-server/internal/openapi/server.gen.go:321.2,321.88 1 0
mawinter-server/internal/openapi/server.gen.go:321.88,323.3 1 0
mawinter-server/internal/openapi/server.gen.go:325.2,325.52 1 0
mawinter-server/internal/openapi/server.gen.go:325.52,327.3 1 0
mawinter-server/internal/openapi/server.gen.go:329.2,329.42 1 0
mawinter-server/internal/openapi/server.gen.go:333.101,342.16 5 0
mawinter-server/internal/openapi/server.gen.go:342.16,345.3 2 0
mawinter-server/internal/openapi/server.gen.go:347.2,347.88 1 0
mawinter-server/internal/openapi/server.gen.go:347.88,349.3 1 0
mawinter-server/internal/openapi/server.gen.go:351.2,351.52 1 0
mawinter-server/internal/openapi/server.gen.go:351.52,353.3 1 0
mawinter-server/internal/openapi/server.gen.go:355.2,355.42 1 0
mawinter-server/internal/openapi/server.gen.go:359.100,368.16 5 0
mawinter-server/internal/openapi/server.gen.go:368.16,371.3 2 0
mawinter-server/internal/openapi/server.gen.go:373.2,373.88 1 0
mawinter-server/internal/openapi/server.gen.go:373.88,375.3 1 0
mawinter-server/internal/openapi/server.gen.go:377.2,377.52 1 0
mawinter-server/internal/openapi/server.gen.go:377.52,379.3 1 0
mawinter-server/internal/openapi/server.gen.go:381.2,381.42 1 0
mawinter-server/internal/openapi/server.gen.go:385.100,394.16 5 0
mawinter-server/internal/openapi/server.gen.go:394.16,397.3 2 0
mawinter-server/internal/openapi/server.gen.go:400.2,405.16 3 0
mawinter-server/internal/openapi/server.gen.go:405.16,408.3 2 0
mawinter-server/internal/openapi/server.gen.go:410.2,410.88 1 0
mawinter-server/internal/openapi/server.gen.go:410.88,412.3 1 0
mawinter-server/internal/openapi/server.gen.go:414.2,414.52 1 0
mawinter-server/internal/openapi/server.gen.go:414.52,416.3 1 0
mawinter-server/internal/openapi/server.gen.go:418.2,418.42 1 0
mawinter-server/internal/openapi/server.gen.go:422.87,425.88 2 0
mawinter-server/internal/openapi/server.gen.go:425.88,427.3 1 0
mawinter-server/internal/openapi/server.gen.go:429.2,429.52 1 0
mawinter-server/internal/openapi/server.gen.go:429.52,431.3 1 0
mawinter-server/internal/openapi/server.gen.go:433.2,433.42 1 0
mawinter-server/internal/openapi/server.gen.go:441.52,443.2 1 0
mawinter-server/internal/openapi/server.gen.go:445.52,447.2 1 0
mawinter-server/internal/openapi/server.gen.go:454.49,456.2 1 0
mawinter-server/internal/openapi/server.gen.go:458.49,460.2 1 0
mawinter-server/internal/openapi/server.gen.go:466.45,468.2 1 0
mawinter-server/internal/openapi/server.gen.go:475.46,477.2 1 0
mawinter-server/internal/openapi/server.gen.go:479.46,481.2 1 0
mawinter-server/internal/openapi/server.gen.go:488.50,490.2 1 0
mawinter-server/internal/openapi/server.gen.go:492.50,494.2 1 0
mawinter-server/internal/openapi/server.gen.go:501.53,503.2 1 0
mawinter-server/internal/openapi/server.gen.go:506.47,508.2 1 0
mawinter-server/internal/openapi/server.gen.go:518.68,522.2 1 0
mawinter-server/internal/openapi/server.gen.go:524.95,529.2 1 0
mawinter-server/internal/openapi/server.gen.go:532.84,535.14 2 0
mawinter-server/internal/openapi/server.gen.go:535.14,537.3 1 0
mawinter-server/internal/openapi/server.gen.go:538.2,538.37 1 0
mawinter-server/internal/openapi/server.gen.go:538.37,539.86 1 0
mawinter-server/internal/openapi/server.gen.go:539.86,541.4 1 0
mawinter-server/internal/openapi/server.gen.go:543.2,549.29 2 0
mawinter-server/internal/openapi/server.gen.go:549.29,551.3 1 0
mawinter-server/internal/openapi/server.gen.go:552.2,552.29 1 0
mawinter-server/internal/openapi/server.gen.go:552.29,554.3 1 0
mawinter-server/internal/openapi/server.gen.go:555.2,555.29 1 0
mawinter-server/internal/openapi/server.gen.go:555.29,557.3 1 0
mawinter-server/internal/openapi/server.gen.go:558.2,558.29 1 0
mawinter-server/internal/openapi/server.gen.go:558.29,560.3 1 0
mawinter-server/internal/openapi/server.gen.go:561.2,561.29 1 0
mawinter-server/internal/openapi/server.gen.go:561.29,563.3 1 0
mawinter-server/internal/openapi/server.gen.go:564.2,564.29 1 0
mawinter-server/internal/openapi/server.gen.go:564.29,566.3 1 0
mawinter-server/internal/openapi/server.gen.go:567.2,567.29 1 0
mawinter-server/internal/openapi/server.gen.go:567.29,569.3 1 0
mawinter-server/internal/openapi/server.gen.go:570.2,570.29 1 0
mawinter-server/internal/openapi/server.gen.go:570.29,572.3 1 0
mawinter-server/internal/openapi/server.gen.go:573.2,573.29 1 0
mawinter-server/internal/openapi/server.gen.go:573.29,575.3 1 0
mawinter-server/internal/openapi/server.gen.go:576.2,576.29 1 0
mawinter-server/internal/openapi/server.gen.go:576.29,578.3 1 0
mawinter-server/internal/openapi/server.gen.go:579.2,579.29 1 0
mawinter-server/internal/openapi/server.gen.go:579.29,581.3 1 0
mawinter-server/internal/openapi/server.gen.go:582.2,582.29 1 0
mawinter-server/internal/openapi/server.gen.go:582.29,584.3 1 0
mawinter-server/internal/openapi/server.gen.go:586.2,586.10 1 0
mawinter-server/internal/openapi/spec.gen.go:52.35,54.16 2 1
mawinter-server/internal/openapi/spec.gen.go:54.16,56.3 1 0
mawinter-server/internal/openapi/spec.gen.go:57.2,58.16 2 1
mawinter-server/internal/openapi/spec.gen.go:58.16,60.3 1 0
mawinter-server/internal/openapi/spec.gen.go:61.2,63.16 3 1
mawinter-server/internal/openapi/spec.gen.go:63.16,65.3 1 0
mawinter-server/internal/openapi/spec.gen.go:67.2,67.25 1 1
mawinter-server/internal/openapi/spec.gen.go:73.48,75.32 2 1
mawinter-server/internal/openapi/spec.gen.go:75.32,77.3 1 0
mawinter-server/internal/openapi/spec.gen.go:81.73,83.25 2 0
mawinter-server/internal/openapi/spec.gen.go:83.25,85.3 1 0
mawinter-server/internal/openapi/spec.gen.go:87.2,87.12 1 0
mawinter-server/internal/openapi/spec.gen.go:95.52,100.87 4 0
mawinter-server/internal/openapi/spec.gen.go:100.87,104.10 4 0
mawinter-server/internal/openapi/spec.gen.go:104.10,107.4 2 0
mawinter-server/internal/openapi/spec.gen.go:108.3,108.19 1 0
mawinter-server/internal/openapi/spec.gen.go:110.2,112.16 3 0
mawinter-server/internal/openapi/spec.gen.go:112.16,114.3 1 0
mawinter-server/internal/openapi/spec.gen.go:115.2,116.16 2 0
mawinter-server/internal/openapi/spec.gen.go:116.16,118.3 1 0
mawinter-server/internal/openapi/spec.gen.go:119.2,119.8 1 0
mawinter-server/internal/register/mock.go:20.96,21.18 1 0
mawinter-server/internal/register/mock.go:21.18,23.3 1 0
mawinter-server/internal/register/mock.go:25.2,32.8 1 0
mawinter-server/internal/register/mock.go:35.76,36.28 1 1
mawinter-server/internal/register/mock.go:36.28,38.3 1 1
mawinter-server/internal/register/mock.go:39.2,39.30 1 1
mawinter-server/internal/register/mock.go:42.91,43.28 1 0
mawinter-server/internal/register/mock.go:43.28,45.3 1 0
mawinter-server/internal/register/mock.go:46.2,59.8 1 0
mawinter-server/internal/register/mock.go:61.94,63.2 1 1
mawinter-server/internal/register/mock.go:65.102,66.18 1 0
mawinter-server/internal/register/mock.go:66.18,68.3 1 0
mawinter-server/internal/register/mock.go:69.2,69.12 1 0
mawinter-server/internal/register/service.go:34.99,37.16 2 1
mawinter-server/internal/register/service.go:37.16,40.3 2 1
mawinter-server/internal/register/service.go:42.2,42.10 1 1
mawinter-server/internal/register/service.go:42.10,45.3 2 0
mawinter-server/internal/register/service.go:46.2,50.16 3 1
mawinter-server/internal/register/service.go:50.16,53.3 2 0
mawinter-server/internal/register/service.go:55.2,58.32 2 1
mawinter-server/internal/register/service.go:58.32,60.17 2 0
mawinter-server/internal/register/service.go:60.17,64.4 2 0
mawinter-server/internal/register/service.go:65.3,65.86 1 0
mawinter-server/internal/register/service.go:66.8,68.3 1 1
mawinter-server/internal/register/service.go:70.2,70.12 1 1
mawinter-server/internal/register/service.go:73.119,79.2 4 0
mawinter-server/internal/model/db.go:7.36,9.2 1 0
mawinter-server/internal/model/db.go:11.47,13.2 1 0
mawinter-server/internal/model/db.go:15.44,17.2 1 0
mawinter-server/internal/model/register.go:12.13,14.16 2 1
mawinter-server/internal/model/register.go:14.16,15.13 1 0
mawinter-server/internal/model/register.go:17.2,17.9 1 1
mawinter-server/internal/model/register.go:25.77,32.20 2 0
mawinter-server/internal/model/register.go:33.15,34.23 1 0
mawinter-server/internal/model/register.go:35.13,36.23 1 0
mawinter-server/internal/model/register.go:37.15,38.23 1 0
mawinter-server/internal/model/register.go:39.10,40.58 1 0
mawinter-server/internal/model/register.go:43.2,43.17 1 0
mawinter-server/internal/model/register.go:46.68,47.27 1 0
mawinter-server/internal/model/register.go:47.27,49.3 1 0
mawinter-server/internal/model/register.go:50.2,50.13 1 0
mawinter-server/internal/model/register.go:53.69,54.27 1 0
mawinter-server/internal/model/register.go:54.27,56.3 1 0
mawinter-server/internal/model/register.go:57.2,57.13 1 0
mawinter-server/internal/model/register.go:68.75,70.16 2 0
mawinter-server/internal/model/register.go:70.16,72.3 1 0
mawinter-server/internal/model/register.go:74.2,75.16 2 0
mawinter-server/internal/model/register.go:75.16,77.3 1 0
mawinter-server/internal/model/register.go:79.2,86.8 1 0
mawinter-server/internal/model/validate.go:11.54,12.85 1 0
mawinter-server/internal/model/validate.go:12.85,14.3 1 0
mawinter-server/internal/model/validate.go:16.2,17.16 2 0
mawinter-server/internal/model/validate.go:17.16,19.3 1 0
mawinter-server/internal/model/validate.go:21.2,21.21 1 0
mawinter-server/internal/model/validate.go:24.45,25.87 1 0
mawinter-server/internal/model/validate.go:25.87,27.3 1 0
mawinter-server/internal/model/validate.go:28.2,28.12 1 0
mawinter-server/internal/openapi/server.gen.go:60.68,62.2 1 0
mawinter-server/internal/openapi/server.gen.go:66.78,68.2 1 0
mawinter-server/internal/openapi/server.gen.go:72.102,74.2 1 0
mawinter-server/internal/openapi/server.gen.go:78.77,80.2 1 0
mawinter-server/internal/openapi/server.gen.go:84.81,86.2 1 0
mawinter-server/internal/openapi/server.gen.go:90.120,92.2 1 0
mawinter-server/internal/openapi/server.gen.go:96.90,98.2 1 0
mawinter-server/internal/openapi/server.gen.go:102.129,104.2 1 0
mawinter-server/internal/openapi/server.gen.go:107.104,109.2 1 0
mawinter-server/internal/openapi/server.gen.go:112.103,114.2 1 0
mawinter-server/internal/openapi/server.gen.go:118.141,120.2 1 0
mawinter-server/internal/openapi/server.gen.go:124.75,126.2 1 0
mawinter-server/internal/openapi/server.gen.go:138.80,141.88 2 0
mawinter-server/internal/openapi/server.gen.go:141.88,143.3 1 0
mawinter-server/internal/openapi/server.gen.go:145.2,145.52 1 0
mawinter-server/internal/openapi/server.gen.go:145.52,147.3 1 0
mawinter-server/internal/openapi/server.gen.go:149.2,149.42 1 0
mawinter-server/internal/openapi/server.gen.go:153.90,156.88 2 0
mawinter-server/internal/openapi/server.gen.go:156.88,158.3 1 0
mawinter-server/internal/openapi/server.gen.go:160.2,160.52 1 0
mawinter-server/internal/openapi/server.gen.go:160.52,162.3 1 0
mawinter-server/internal/openapi/server.gen.go:164.2,164.42 1 0
mawinter-server/internal/openapi/server.gen.go:168.88,179.16 5 0
mawinter-server/internal/openapi/server.gen.go:179.16,182.3 2 0
mawinter-server/internal/openapi/server.gen.go:186.2,187.16 2 0
mawinter-server/internal/openapi/server.gen.go:187.16,190.3 2 0
mawinter-server/internal/openapi/server.gen.go:192.2,192.88 1 0
mawinter-server/internal/openapi/server.gen.go:192.88,194.3 1 0
mawinter-server/internal/openapi/server.gen.go:196.2,196.52 1 0
mawinter-server/internal/openapi/server.gen.go:196.52,198.3 1 0
mawinter-server/internal/openapi/server.gen.go:200.2,200.42 1 0
mawinter-server/internal/openapi/server.gen.go:204.89,207.88 2 0
mawinter-server/internal/openapi/server.gen.go:207.88,209.3 1 0
mawinter-server/internal/openapi/server.gen.go:211.2,211.52 1 0
mawinter-server/internal/openapi/server.gen.go:211.52,213.3 1 0
mawinter-server/internal/openapi/server.gen.go:215.2,215.42 1 0
mawinter-server/internal/openapi/server.gen.go:219.93,222.88 2 0
mawinter-server/internal/openapi/server.gen.go:222.88,224.3 1 0
mawinter-server/internal/openapi/server.gen.go:226.2,226.52 1 0
mawinter-server/internal/openapi/server.gen.go:226.52,228.3 1 0
mawinter-server/internal/openapi/server.gen.go:230.2,230.42 1 0
mawinter-server/internal/openapi/server.gen.go:234.97,245.16 5 0
mawinter-server/internal/openapi/server.gen.go:245.16,248.3 2 0
mawinter-server/internal/openapi/server.gen.go:250.2,250.88 1 0
mawinter-server/internal/openapi/server.gen.go:250.88,252.3 1 0
mawinter-server/internal/openapi/server.gen.go:254.2,254.52 1 0
mawinter-server/internal/openapi/server.gen.go:254.52,256.3 1 0
mawinter-server/internal/openapi/server.gen.go:258.2,258.42 1 0
mawinter-server/internal/openapi/server.gen.go:262.92,271.16 5 0
mawinter-server/internal/openapi/server.gen.go:271.16,274.3 2 0
mawinter-server/internal/openapi/server.gen.go:276.2,276.88 1 0
mawinter-server/internal/openapi/server.gen.go:276.88,278.3 1 0
mawinter-server/internal/openapi/server.gen.go:280.2,280.52 1 0
mawinter-server/internal/openapi/server.gen.go:280.52,282.3 1 0
mawinter-server/internal/openapi/server.gen.go:284.2,284.42 1 0
mawinter-server/internal/openapi/server.gen.go:288.94,297.16 5 0
mawinter-server/internal/openapi/server.gen.go:297.16,300.3 2 0
mawinter-server/internal/openapi/server.gen.go:303.2,308.16 3 0
mawinter-server/internal/openapi/server.gen.go:308.16,311.3 2 0
mawinter-server/internal/openapi/server.gen.go:315.2,316.16 2 0
mawinter-server/internal/openapi/server.gen.go:316.16,319.3 2 0
mawinter-server/internal/openapi/server.gen.go:321.2,321.88 1 0
mawinter-server/internal/openapi/server.gen.go:321.88,323.3 1 0
mawinter-server/internal/openapi/server.gen.go:325.2,325.52 1 0
mawinter-server/internal/openapi/server.gen.go:325.52,327.3 1 0
mawinter-server/internal/openapi/server.gen.go:329.2,329.42 1 0
mawinter-server/internal/openapi/server.gen.go:333.101,342.16 5 0
mawinter-server/internal/openapi/server.gen.go:342.16,345.3 2 0
mawinter-server/internal/openapi/server.gen.go:347.2,347.88 1 0
mawinter-server/internal/openapi/server.gen.go:347.88,349.3 1 0
mawinter-server/internal/openapi/server.gen.go:351.2,351.52 1 0
mawinter-server/internal/openapi/server.gen.go:351.52,353.3 1 0
mawinter-server/internal/openapi/server.gen.go:355.2,355.42 1 0
mawinter-server/internal/openapi/server.gen.go:359.100,368.16 5 0
mawinter-server/internal/openapi/server.gen.go:368.16,371.3 2 0
mawinter-server/internal/openapi/server.gen.go:373.2,373.88 1 0
mawinter-server/internal/openapi/server.gen.go:373.88,375.3 1 0
mawinter-server/internal/openapi/server.gen.go:377.2,377.52 1 0
mawinter-server/internal/openapi/server.gen.go:377.52,379.3 1 0
mawinter-server/internal/openapi/server.gen.go:381.2,381.42 1 0
mawinter-server/internal/openapi/server.gen.go:385.100,394.16 5 0
mawinter-server/internal/openapi/server.gen.go:394.16,397.3 2 0
mawinter-server/internal/openapi/server.gen.go:400.2,405.16 3 0
mawinter-server/internal/openapi/server.gen.go:405.16,408.3 2 0
mawinter-server/internal/openapi/server.gen.go:410.2,410.88 1 0
mawinter-server/internal/openapi/server.gen.go:410.88,412.3 1 0
mawinter-server/internal/openapi/server.gen.go:414.2,414.52 1 0
mawinter-server/internal/openapi/server.gen.go:414.52,416.3 1 0
mawinter-server/internal/openapi/server.gen.go:418.2,418.42 1 0
mawinter-server/internal/openapi/server.gen.go:422.87,425.88 2 0
mawinter-server/internal/openapi/server.gen.go:425.88,427.3 1 0
mawinter-server/internal/openapi/server.gen.go:429.2,429.52 1 0
mawinter-server/internal/openapi/server.gen.go:429.52,431.3 1 0
mawinter-server/internal/openapi/server.gen.go:433.2,433.42 1 0
mawinter-server/internal/openapi/server.gen.go:441.52,443.2 1 0
mawinter-server/internal/openapi/server.gen.go:445.52,447.2 1 0
mawinter-server/internal/openapi/server.gen.go:454.49,456.2 1 0
mawinter-server/internal/openapi/server.gen.go:458.49,460.2 1 0
mawinter-server/internal/openapi/server.gen.go:466.45,468.2 1 0
mawinter-server/internal/openapi/server.gen.go:475.46,477.2 1 0
mawinter-server/internal/openapi/server.gen.go:479.46,481.2 1 0
mawinter-server/internal/openapi/server.gen.go:488.50,490.2 1 0
mawinter-server/internal/openapi/server.gen.go:492.50,494.2 1 0
mawinter-server/internal/openapi/server.gen.go:501.53,503.2 1 0
mawinter-server/internal/openapi/server.gen.go:506.47,508.2 1 0
mawinter-server/internal/openapi/server.gen.go:518.68,522.2 1 0
mawinter-server/internal/openapi/server.gen.go:524.95,529.2 1 0
mawinter-server/internal/openapi/server.gen.go:532.84,535.14 2 0
mawinter-server/internal/openapi/server.gen.go:535.14,537.3 1 0
mawinter-server/internal/openapi/server.gen.go:538.2,538.37 1 0
mawinter-server/internal/openapi/server.gen.go:538.37,539.86 1 0
mawinter-server/internal/openapi/server.gen.go:539.86,541.4 1 0
mawinter-server/internal/openapi/server.gen.go:543.2,549.29 2 0
mawinter-server/internal/openapi/server.gen.go:549.29,551.3 1 0
mawinter-server/internal/openapi/server.gen.go:552.2,552.29 1 0
mawinter-server/internal/openapi/server.gen.go:552.29,554.3 1 0
mawinter-server/internal/openapi/server.gen.go:555.2,555.29 1 0
mawinter-server/internal/openapi/server.gen.go:555.29,557.3 1 0
mawinter-server/internal/openapi/server.gen.go:558.2,558.29 1 0
mawinter-server/internal/openapi/server.gen.go:558.29,560.3 1 0
mawinter-server/internal/openapi/server.gen.go:561.2,561.29 1 0
mawinter-server/internal/openapi/server.gen.go:561.29,563.3 1 0
mawinter-server/internal/openapi/server.gen.go:564.2,564.29 1 0
mawinter-server/internal/openapi/server.gen.go:564.29,566.3 1 0
mawinter-server/internal/openapi/server.gen.go:567.2,567.29 1 0
mawinter-server/internal/openapi/server.gen.go:567.29,569.3 1 0
mawinter-server/internal/openapi/server.gen.go:570.2,570.29 1 0
mawinter-server/internal/openapi/server.gen.go:570.29,572.3 1 0
mawinter-server/internal/openapi/server.gen.go:573.2,573.29 1 0
mawinter-server/internal/openapi/server.gen.go:573.29,575.3 1 0
mawinter-server/internal/openapi/server.gen.go:576.2,576.29 1 0
mawinter-server/internal/openapi/server.gen.go:576.29,578.3 1 0
mawinter-server/internal/openapi/server.gen.go:579.2,579.29 1 0
mawinter-server/internal/openapi/server.gen.go:579.29,581.3 1 0
mawinter-server/internal/openapi/server.gen.go:582.2,582.29 1 0
mawinter-server/internal/openapi/server.gen.go:582.29,584.3 1 0
mawinter-server/internal/openapi/server.gen.go:586.2,586.10 1 0
mawinter-server/internal/openapi/spec.gen.go:52.35,54.16 2 1
mawinter-server/internal/openapi/spec.gen.go:54.16,56.3 1 0
mawinter-server/internal/openapi/spec.gen.go:57.2,58.16 2 1
mawinter-server/internal/openapi/spec.gen.go:58.16,60.3 1 0
mawinter-server/internal/openapi/spec.gen.go:61.2,63.16 3 1
mawinter-server/internal/openapi/spec.gen.go:63.16,65.3 1 0
mawinter-server/internal/openapi/spec.gen.go:67.2,67.25 1 1
mawinter-server/internal/openapi/spec.gen.go:73.48,75.32 2 1
mawinter-server/internal/openapi/spec.gen.go:75.32,77.3 1 0
mawinter-server/internal/openapi/spec.gen.go:81.73,83.25 2 0
mawinter-server/internal/openapi/spec.gen.go:83.25,85.3 1 0
mawinter-server/internal/openapi/spec.gen.go:87.2,87.12 1 0
mawinter-server/internal/openapi/spec.gen.go:95.52,100.87 4 0
mawinter-server/internal/openapi/spec.gen.go:100.87,104.10 4 0
mawinter-server/internal/openapi/spec.gen.go:104.10,107.4 2 0
mawinter-server/internal/openapi/spec.gen.go:108.3,108.19 1 0
mawinter-server/internal/openapi/spec.gen.go:110.2,112.16 3 0
mawinter-server/internal/openapi/spec.gen.go:112.16,114.3 1 0
mawinter-server/internal/openapi/spec.gen.go:115.2,116.16 2 0
mawinter-server/internal/openapi/spec.gen.go:116.16,118.3 1 0
mawinter-server/internal/openapi/spec.gen.go:119.2,119.8 1 0
mawinter-server/internal/api/v2/mock.go:17.65,19.2 1 0
mawinter-server/internal/api/v2/mock.go:21.88,33.2 2 1
mawinter-server/internal/api/v2/mock.go:36.108,37.17 1 1
mawinter-server/internal/api/v2/mock.go:37.17,50.3 1 1
mawinter-server/internal/api/v2/mock.go:50.8,51.15 1 1
mawinter-server/internal/api/v2/mock.go:51.15,74.4 1 1
mawinter-server/internal/api/v2/mock.go:74.9,74.22 1 1
mawinter-server/internal/api/v2/mock.go:74.22,87.4 1 1
mawinter-server/internal/api/v2/mock.go:87.9,87.22 1 1
mawinter-server/internal/api/v2/mock.go:87.22,89.4 1 1
mawinter-server/internal/api/v2/mock.go:89.9,91.4 1 1
mawinter-server/internal/api/v2/mock.go:94.2,94.18 1 1
mawinter-server/internal/api/v2/mock.go:97.78,99.2 1 1
mawinter-server/internal/api/v2/mock.go:102.90,104.2 1 0
mawinter-server/internal/api/v2/mock.go:106.86,131.2 2 1
mawinter-server/internal/api/v2/mock.go:133.101,158.2 2 1
mawinter-server/internal/api/v2/mock.go:160.74,163.2 2 1
mawinter-server/internal/api/v2/mock.go:165.106,167.24 1 1
mawinter-server/internal/api/v2/mock.go:167.24,175.3 1 1
mawinter-server/internal/api/v2/mock.go:177.2,188.8 1 1
mawinter-server/internal/api/v2/mock.go:191.94,214.2 1 1
mawinter-server/internal/api/v2/mock.go:216.76,218.2 1 1
mawinter-server/internal/api/v2/mock.go:220.89,228.2 2 1
mawinter-server/internal/api/v2/mock.go:230.106,238.2 2 1
mawinter-server/internal/api/v2/service.go:16.13,18.16 2 1
mawinter-server/internal/api/v2/service.go:18.16,19.13 1 0
mawinter-server/internal/api/v2/service.go:21.2,21.9 1 1
mawinter-server/internal/api/v2/service.go:44.26,46.2 1 1
mawinter-server/internal/api/v2/service.go:48.109,56.25 4 1
mawinter-server/internal/api/v2/service.go:56.25,59.3 1 0
mawinter-server/internal/api/v2/service.go:59.8,61.3 1 1
mawinter-server/internal/api/v2/service.go:63.2,64.16 2 1
mawinter-server/internal/api/v2/service.go:64.16,66.3 1 0
mawinter-server/internal/api/v2/service.go:67.2,67.16 1 1
mawinter-server/internal/api/v2/service.go:67.16,70.3 2 1
mawinter-server/internal/api/v2/service.go:72.2,75.16 3 1
mawinter-server/internal/api/v2/service.go:75.16,77.3 1 0
mawinter-server/internal/api/v2/service.go:79.2,80.9 2 1
mawinter-server/internal/api/v2/service.go:80.9,84.3 2 1
mawinter-server/internal/api/v2/service.go:86.2,87.16 2 1
mawinter-server/internal/api/v2/service.go:87.16,90.3 2 0
mawinter-server/internal/api/v2/service.go:91.2,94.17 3 1
mawinter-server/internal/api/v2/service.go:98.110,101.16 3 1
mawinter-server/internal/api/v2/service.go:101.16,104.3 2 1
mawinter-server/internal/api/v2/service.go:106.2,109.16 3 1
mawinter-server/internal/api/v2/service.go:109.16,111.3 1 0
mawinter-server/internal/api/v2/service.go:113.2,113.30 1 1
mawinter-server/internal/api/v2/service.go:113.30,117.3 2 1
mawinter-server/internal/api/v2/service.go:119.2,120.18 2 1
mawinter-server/internal/api/v2/service.go:124.96,127.16 3 1
mawinter-server/internal/api/v2/service.go:127.16,130.3 2 0
mawinter-server/internal/api/v2/service.go:132.2,133.17 2 1
mawinter-server/internal/api/v2/service.go:137.94,140.16 3 0
mawinter-server/internal/api/v2/service.go:140.16,143.3 2 0
mawinter-server/internal/api/v2/service.go:145.2,145.23 1 0
mawinter-server/internal/api/v2/service.go:145.23,150.3 4 0
mawinter-server/internal/api/v2/service.go:152.2,152.18 1 0
mawinter-server/internal/api/v2/service.go:155.114,158.16 3 1
mawinter-server/internal/api/v2/service.go:158.16,161.3 2 0
mawinter-server/internal/api/v2/service.go:162.2,162.10 1 1
mawinter-server/internal/api/v2/service.go:162.10,166.3 2 1
mawinter-server/internal/api/v2/service.go:168.2,169.16 2 1
mawinter-server/internal/api/v2/service.go:169.16,172.3 2 0
mawinter-server/internal/api/v2/service.go:174.2,175.18 2 1
mawinter-server/internal/api/v2/service.go:179.45,181.26 2 1
mawinter-server/internal/api/v2/service.go:181.26,184.3 2 1
mawinter-server/internal/api/v2/service.go:185.2,185.15 1 1
mawinter-server/internal/api/v2/service.go:189.150,196.16 5 1
mawinter-server/internal/api/v2/service.go:196.16,198.3 1 0
mawinter-server/internal/api/v2/service.go:200.2,202.16 3 1
mawinter-server/internal/api/v2/service.go:202.16,204.3 1 0
mawinter-server/internal/api/v2/service.go:208.2,210.28 3 1
mawinter-server/internal/api/v2/service.go:210.28,211.71 1 1
mawinter-server/internal/api/v2/service.go:211.71,213.4 1 1
mawinter-server/internal/api/v2/service.go:217.2,217.31 1 1
mawinter-server/internal/api/v2/service.go:217.31,218.53 1 1
mawinter-server/internal/api/v2/service.go:218.53,220.4 1 1
mawinter-server/internal/api/v2/service.go:223.2,223.33 1 1
mawinter-server/internal/api/v2/service.go:223.33,227.3 2 1
mawinter-server/internal/api/v2/service.go:229.2,230.18 2 1
mawinter-server/internal/api/v2/service.go:233.125,239.16 5 1
mawinter-server/internal/api/v2/service.go:239.16,241.3 1 0
mawinter-server/internal/api/v2/service.go:243.2,246.16 3 1
mawinter-server/internal/api/v2/service.go:246.16,248.3 1 0
mawinter-server/internal/api/v2/service.go:250.2,250.30 1 1
mawinter-server/internal/api/v2/service.go:250.30,254.3 2 1
mawinter-server/internal/api/v2/service.go:256.2,257.18 2 1
mawinter-server/internal/api/v2/service.go:260.118,266.16 4 1
mawinter-server/internal/api/v2/service.go:266.16,268.3 1 0
mawinter-server/internal/api/v2/service.go:270.2,272.25 2 1
mawinter-server/internal/api/v2/service.go:272.25,280.3 1 1
mawinter-server/internal/api/v2/service.go:282.2,285.37 3 1
mawinter-server/internal/api/v2/service.go:285.37,287.17 2 1
mawinter-server/internal/api/v2/service.go:287.17,290.4 2 0
mawinter-server/internal/api/v2/service.go:292.3,292.38 1 1
mawinter-server/internal/api/v2/service.go:292.38,299.4 6 1
mawinter-server/internal/api/v2/service.go:302.2,304.28 2 1
mawinter-server/internal/api/v2/service.go:304.28,313.3 2 1
mawinter-server/internal/api/v2/service.go:315.2,315.39 1 1
mawinter-server/internal/api/v2/service.go:315.39,317.3 1 1
mawinter-server/internal/api/v2/service.go:319.2,321.18 2 1
mawinter-server/internal/api/v2/service.go:324.112,328.16 4 1
mawinter-server/internal/api/v2/service.go:328.16,332.3 2 0
mawinter-server/internal/api/v2/service.go:332.8,335.3 1 1
mawinter-server/internal/api/v2/service.go:337.2,338.16 2 1
mawinter-server/internal/api/v2/service.go:341.129,345.16 4 1
mawinter-server/internal/api/v2/service.go:345.16,349.3 2 0
mawinter-server/internal/api/v2/service.go:351.2,354.16 3 1
mawinter-server/internal/openapi/server.gen.go:60.68,62.2 1 0
mawinter-server/internal/openapi/server.gen.go:66.78,68.2 1 0
mawinter-server/internal/openapi/server.gen.go:72.102,74.2 1 0
mawinter-server/internal/openapi/server.gen.go:78.77,80.2 1 0
mawinter-server/internal/openapi/server.gen.go:84.81,86.2 1 0
mawinter-server/internal/openapi/server.gen.go:90.120,92.2 1 0
mawinter-server/internal/openapi/server.gen.go:96.90,98.2 1 0
mawinter-server/internal/openapi/server.gen.go:102.129,104.2 1 0
mawinter-server/internal/openapi/server.gen.go:107.104,109.2 1 0
mawinter-server/internal/openapi/server.gen.go:112.103,114.2 1 0
mawinter-server/internal/openapi/server.gen.go:118.141,120.2 1 0
mawinter-server/internal/openapi/server.gen.go:124.75,126.2 1 0
mawinter-server/internal/openapi/server.gen.go:138.80,141.88 2 0
mawinter-server/internal/openapi/server.gen.go:141.88,143.3 1 0
mawinter-server/internal/openapi/server.gen.go:145.2,145.52 1 0
mawinter-server/internal/openapi/server.gen.go:145.52,147.3 1 0
mawinter-server/internal/openapi/server.gen.go:149.2,149.42 1 0
mawinter-server/internal/openapi/server.gen.go:153.90,156.88 2 0
mawinter-server/internal/openapi/server.gen.go:156.88,158.3 1 0
mawinter-server/internal/openapi/server.gen.go:160.2,160.52 1 0
mawinter-server/internal/openapi/server.gen.go:160.52,162.3 1 0
mawinter-server/internal/openapi/server.gen.go:164.2,164.42 1 0
mawinter-server/internal/openapi/server.gen.go:168.88,179.16 5 0
mawinter-server/internal/openapi/server.gen.go:179.16,182.3 2 0
mawinter-server/internal/openapi/server.gen.go:186.2,187.16 2 0
mawinter-server/internal/openapi/server.gen.go:187.16,190.3 2 0
mawinter-server/internal/openapi/server.gen.go:192.2,192.88 1 0
mawinter-server/internal/openapi/server.gen.go:192.88,194.3 1 0
mawinter-server/internal/openapi/server.gen.go:196.2,196.52 1 0
mawinter-server/internal/openapi/server.gen.go:196.52,198.3 1 0
mawinter-server/internal/openapi/server.gen.go:200.2,200.42 1 0
mawinter-server/internal/openapi/server.gen.go:204.89,207.88 2 0
mawinter-server/internal/openapi/server.gen.go:207.88,209.3 1 0
mawinter-server/internal/openapi/server.gen.go:211.2,211.52 1 0
mawinter-server/internal/openapi/server.gen.go:211.52,213.3 1 0
mawinter-server/internal/openapi/server.gen.go:215.2,215.42 1 0
mawinter-server/internal/openapi/server.gen.go:219.93,222.88 2 0
mawinter-server/internal/openapi/server.gen.go:222.88,224.3 1 0
mawinter-server/internal/openapi/server.gen.go:226.2,226.52 1 0
mawinter-server/internal/openapi/server.gen.go:226.52,228.3 1 0
mawinter-server/internal/openapi/server.gen.go:230.2,230.42 1 0
mawinter-server/internal/openapi/server.gen.go:234.97,245.16 5 0
mawinter-server/internal/openapi/server.gen.go:245.16,248.3 2 0
mawinter-server/internal/openapi/server.gen.go:250.2,250.88 1 0
mawinter-server/internal/openapi/server.gen.go:250.88,252.3 1 0
mawinter-server/internal/openapi/server.gen.go:254.2,254.52 1 0
mawinter-server/internal/openapi/server.gen.go:254.52,256.3 1 0
mawinter-server/internal/openapi/server.gen.go:258.2,258.42 1 0
mawinter-server/internal/openapi/server.gen.go:262.92,271.16 5 0
mawinter-server/internal/openapi/server.gen.go:271.16,274.3 2 0
mawinter-server/internal/openapi/server.gen.go:276.2,276.88 1 0
mawinter-server/internal/openapi/server.gen.go:276.88,278.3 1 0
mawinter-server/internal/openapi/server.gen.go:280.2,280.52 1 0
mawinter-server/internal/openapi/server.gen.go:280.52,282.3 1 0
mawinter-server/internal/openapi/server.gen.go:284.2,284.42 1 0
mawinter-server/internal/openapi/server.gen.go:288.94,297.16 5 0
mawinter-server/internal/openapi/server.gen.go:297.16,300.3 2 0
mawinter-server/internal/openapi/server.gen.go:303.2,308.16 3 0
mawinter-server/internal/openapi/server.gen.go:308.16,311.3 2 0
mawinter-server/internal/openapi/server.gen.go:315.2,316.16 2 0
mawinter-server/internal/openapi/server.gen.go:316.16,319.3 2 0
mawinter-server/internal/openapi/server.gen.go:321.2,321.88 1 0
mawinter-server/internal/openapi/server.gen.go:321.88,323.3 1 0
mawinter-server/internal/openapi/server.gen.go:325.2,325.52 1 0
mawinter-server/internal/openapi/server.gen.go:325.52,327.3 1 0
mawinter-server/internal/openapi/server.gen.go:329.2,329.42 1 0
mawinter-server/internal/openapi/server.gen.go:333.101,342.16 5 0
mawinter-server/internal/openapi/server.gen.go:342.16,345.3 2 0
mawinter-server/internal/openapi/server.gen.go:347.2,347.88 1 0
mawinter-server/internal/openapi/server.gen.go:347.88,349.3 1 0
mawinter-server/internal/openapi/server.gen.go:351.2,351.52 1 0
mawinter-server/internal/openapi/server.gen.go:351.52,353.3 1 0
mawinter-server/internal/openapi/server.gen.go:355.2,355.42 1 0
mawinter-server/internal/openapi/server.gen.go:359.100,368.16 5 0
mawinter-server/internal/openapi/server.gen.go:368.16,371.3 2 0
mawinter-server/internal/openapi/server.gen.go:373.2,373.88 1 0
mawinter-server/internal/openapi/server.gen.go:373.88,375.3 1 0
mawinter-server/internal/openapi/server.gen.go:377.2,377.52 1 0
mawinter-server/internal/openapi/server.gen.go:377.52,379.3 1 0
mawinter-server/internal/openapi/server.gen.go:381.2,381.42 1 0
mawinter-server/internal/openapi/server.gen.go:385.100,394.16 5 0
mawinter-server/internal/openapi/server.gen.go:394.16,397.3 2 0
mawinter-server/internal/openapi/server.gen.go:400.2,405.16 3 0
mawinter-server/internal/openapi/server.gen.go:405.16,408.3 2 0
mawinter-server/internal/openapi/server.gen.go:410.2,410.88 1 0
mawinter-server/internal/openapi/server.gen.go:410.88,412.3 1 0
mawinter-server/internal/openapi/server.gen.go:414.2,414.52 1 0
mawinter-server/internal/openapi/server.gen.go:414.52,416.3 1 0
mawinter-server/internal/openapi/server.gen.go:418.2,418.42 1 0
mawinter-server/internal/openapi/server.gen.go:422.87,425.88 2 0
mawinter-server/internal/openapi/server.gen.go:425.88,427.3 1 0
mawinter-server/internal/openapi/server.gen.go:429.2,429.52 1 0
mawinter-server/internal/openapi/server.gen.go:429.52,431.3 1 0
mawinter-server/internal/openapi/server.gen.go:433.2,433.42 1 0
mawinter-server/internal/openapi/server.gen.go:441.52,443.2 1 0
mawinter-server/internal/openapi/server.gen.go:445.52,447.2 1 0
mawinter-server/internal/openapi/server.gen.go:454.49,456.2 1 0
mawinter-server/internal/openapi/server.gen.go:458.49,460.2 1 0
mawinter-server/internal/openapi/server.gen.go:466.45,468.2 1 0
mawinter-server/internal/openapi/server.gen.go:475.46,477.2 1 0
mawinter-server/internal/openapi/server.gen.go:479.46,481.2 1 0
mawinter-server/internal/openapi/server.gen.go:488.50,490.2 1 0
mawinter-server/internal/openapi/server.gen.go:492.50,494.2 1 0
mawinter-server/internal/openapi/server.gen.go:501.53,503.2 1 0
mawinter-server/internal/openapi/server.gen.go:506.47,508.2 1 0
mawinter-server/internal/openapi/server.gen.go:518.68,522.2 1 0
mawinter-server/internal/openapi/server.gen.go:524.95,529.2 1 0
mawinter-server/internal/openapi/server.gen.go:532.84,535.14 2 0
mawinter-server/internal/openapi/server.gen.go:535.14,537.3 1 0
mawinter-server/internal/openapi/server.gen.go:538.2,538.37 1 0
mawinter-server/internal/openapi/server.gen.go:538.37,539.86 1 0
mawinter-server/internal/openapi/server.gen.go:539.86,541.4 1 0
mawinter-server/internal/openapi/server.gen.go:543.2,549.29 2 0
mawinter-server/internal/openapi/server.gen.go:549.29,551.3 1 0
mawinter-server/internal/openapi/server.gen.go:552.2,552.29 1 0
mawinter-server/internal/openapi/server.gen.go:552.29,554.3 1 0
mawinter-server/internal/openapi/server.gen.go:555.2,555.29 1 0
mawinter-server/internal/openapi/server.gen.go:555.29,557.3 1 0
mawinter-server/internal/openapi/server.gen.go:558.2,558.29 1 0
mawinter-server/internal/openapi/server.gen.go:558.29,560.3 1 0
mawinter-server/internal/openapi/server.gen.go:561.2,561.29 1 0
mawinter-server/internal/openapi/server.gen.go:561.29,563.3 1 0
mawinter-server/internal/openapi/server.gen.go:564.2,564.29 1 0
mawinter-server/internal/openapi/server.gen.go:564.29,566.3 1 0
mawinter-server/internal/openapi/server.gen.go:567.2,567.29 1 0
mawinter-server/internal/openapi/server.gen.go:567.29,569.3 1 0
mawinter-server/internal/openapi/server.gen.go:570.2,570.29 1 0
mawinter-server/internal/openapi/server.gen.go:570.29,572.3 1 0
mawinter-server/internal/openapi/server.gen.go:573.2,573.29 1 0
mawinter-server/internal/openapi/server.gen.go:573.29,575.3 1 0
mawinter-server/internal/openapi/server.gen.go:576.2,576.29 1 0
mawinter-server/internal/openapi/server.gen.go:576.29,578.3 1 0
mawinter-server/internal/openapi/server.gen.go:579.2,579.29 1 0
mawinter-server/internal/openapi/server.gen.go:579.29,581.3 1 0
mawinter-server/internal/openapi/server.gen.go:582.2,582.29 1 0
mawinter-server/internal/openapi/server.gen.go:582.29,584.3 1 0
mawinter-server/internal/openapi/server.gen.go:586.2,586.10 1 0
mawinter-server/internal/openapi/spec.gen.go:52.35,54.16 2 1
mawinter-server/internal/openapi/spec.gen.go:54.16,56.3 1 0
mawinter-server/internal/openapi/spec.gen.go:57.2,58.16 2 1
mawinter-server/internal/openapi/spec.gen.go:58.16,60.3 1 0
mawinter-server/internal/openapi/spec.gen.go:61.2,63.16 3 1
mawinter-server/internal/openapi/spec.gen.go:63.16,65.3 1 0
mawinter-server/internal/openapi/spec.gen.go:67.2,67.25 1 1
mawinter-server/internal/openapi/spec.gen.go:73.48,75.32 2 1
mawinter-server/internal/openapi/spec.gen.go:75.32,77.3 1 0
mawinter-server/internal/openapi/spec.gen.go:81.73,83.25 2 0
mawinter-server/internal/openapi/spec.gen.go:83.25,85.3 1 0
mawinter-server/internal/openapi/spec.gen.go:87.2,87.12 1 0
mawinter-server/internal/openapi/spec.gen.go:95.52,100.87 4 0
mawinter-server/internal/openapi/spec.gen.go:100.87,104.10 4 0
mawinter-server/internal/openapi/spec.gen.go:104.10,107.4 2 0
mawinter-server/internal/openapi/spec.gen.go:108.3,108.19 1 0
mawinter-server/internal/openapi/spec.gen.go:110.2,112.16 3 0
mawinter-server/internal/openapi/spec.gen.go:112.16,114.3 1 0
mawinter-server/internal/openapi/spec.gen.go:115.2,116.16 2 0
mawinter-server/internal/openapi/spec.gen.go:116.16,118.3 1 0
mawinter-server/internal/openapi/spec.gen.go:119.2,119.8 1 0
mawinter-server/internal/server/gateway.go:22.66,24.2 1 0
mawinter-server/internal/server/gateway.go:29.75,32.16 3 0
mawinter-server/internal/server/gateway.go:32.16,36.3 3 0
mawinter-server/internal/server/gateway.go:38.2,40.62 3 0
mawinter-server/internal/server/gateway.go:40.62,45.3 3 0
mawinter-server/internal/server/gateway.go:45.8,45.67 1 0
mawinter-server/internal/server/gateway.go:45.67,50.3 3 0
mawinter-server/internal/server/gateway.go:50.8,50.23 1 0
mawinter-server/internal/server/gateway.go:50.23,54.3 3 0
mawinter-server/internal/server/gateway.go:56.2,57.16 2 0
mawinter-server/internal/server/gateway.go:57.16,61.3 3 0
mawinter-server/internal/server/gateway.go:63.2,65.35 3 0
mawinter-server/internal/server/gateway.go:69.79,72.16 3 0
mawinter-server/internal/server/gateway.go:72.16,76.3 3 0
mawinter-server/internal/server/gateway.go:78.2,79.16 2 0
mawinter-server/internal/server/gateway.go:79.16,83.3 3 0
mawinter-server/internal/server/gateway.go:84.2,86.35 3 0
mawinter-server/internal/server/gateway.go:90.126,93.26 3 0
mawinter-server/internal/server/gateway.go:93.26,96.3 1 0
mawinter-server/internal/server/gateway.go:96.8,98.3 1 0
mawinter-server/internal/server/gateway.go:100.2,101.46 2 0
mawinter-server/internal/server/gateway.go:101.46,104.3 2 0
mawinter-server/internal/server/gateway.go:104.8,104.23 1 0
mawinter-server/internal/server/gateway.go:104.23,107.3 2 0
mawinter-server/internal/server/gateway.go:109.2,110.16 2 0
mawinter-server/internal/server/gateway.go:110.16,114.3 3 0
mawinter-server/internal/server/gateway.go:116.2,118.35 3 0
mawinter-server/internal/server/gateway.go:122.108,126.23 3 0
mawinter-server/internal/server/gateway.go:126.23,128.3 1 0
mawinter-server/internal/server/gateway.go:130.2,132.26 2 0
mawinter-server/internal/server/gateway.go:132.26,134.3 1 0
mawinter-server/internal/server/gateway.go:136.2,137.39 2 0
mawinter-server/internal/server/gateway.go:137.39,141.3 3 0
mawinter-server/internal/server/gateway.go:141.8,141.23 1 0
mawinter-server/internal/server/gateway.go:141.23,145.3 3 0
mawinter-server/internal/server/gateway.go:147.2,148.16 2 0
mawinter-server/internal/server/gateway.go:148.16,152.3 3 0
mawinter-server/internal/server/gateway.go:154.2,156.35 3 0
mawinter-server/internal/server/gateway.go:161.88,164.16 3 0
mawinter-server/internal/server/gateway.go:164.16,165.44 1 0
mawinter-server/internal/server/gateway.go:165.44,169.4 3 0
mawinter-server/internal/server/gateway.go:171.3,173.9 3 0
mawinter-server/internal/server/gateway.go:176.2,177.16 2 0
mawinter-server/internal/server/gateway.go:177.16,181.3 3 0
mawinter-server/internal/server/gateway.go:183.2,184.35 2 0
mawinter-server/internal/server/gateway.go:189.135,193.16 3 0
mawinter-server/internal/server/gateway.go:193.16,197.3 3 0
mawinter-server/internal/server/gateway.go:199.2,200.39 2 0
mawinter-server/internal/server/gateway.go:200.39,204.3 3 0
mawinter-server/internal/server/gateway.go:204.8,204.23 1 0
mawinter-server/internal/server/gateway.go:204.23,208.3 3 0
mawinter-server/internal/server/gateway.go:210.2,211.16 2 0
mawinter-server/internal/server/gateway.go:211.16,215.3 3 0
mawinter-server/internal/server/gateway.go:217.2,219.35 3 0
mawinter-server/internal/server/gateway.go:223.147,227.23 3 0
mawinter-server/internal/server/gateway.go:227.23,229.3 1 0
mawinter-server/internal/server/gateway.go:231.2,232.16 2 0
mawinter-server/internal/server/gateway.go:232.16,236.3 3 0
mawinter-server/internal/server/gateway.go:238.2,239.39 2 0
mawinter-server/internal/server/gateway.go:239.39,243.3 3 0
mawinter-server/internal/server/gateway.go:243.8,243.23 1 0
mawinter-server/internal/server/gateway.go:243.23,247.3 3 0
mawinter-server/internal/server/gateway.go:249.2,250.16 2 0
mawinter-server/internal/server/gateway.go:250.16,254.3 3 0
mawinter-server/internal/server/gateway.go:256.2,258.35 3 0
mawinter-server/internal/server/gateway.go:262.102,265.16 3 0
mawinter-server/internal/server/gateway.go:265.16,268.3 2 0
mawinter-server/internal/server/gateway.go:269.2,270.16 2 0
mawinter-server/internal/server/gateway.go:270.16,274.3 3 0
mawinter-server/internal/server/gateway.go:276.2,277.16 2 0
mawinter-server/internal/server/gateway.go:277.16,281.3 3 0
mawinter-server/internal/server/gateway.go:283.2,285.35 3 0
mawinter-server/internal/server/gateway.go:289.101,292.16 3 0
mawinter-server/internal/server/gateway.go:292.16,295.3 2 0
mawinter-server/internal/server/gateway.go:297.2,299.16 3 0
mawinter-server/internal/server/gateway.go:299.16,303.3 3 0
mawinter-server/internal/server/gateway.go:305.2,306.16 2 0
mawinter-server/internal/server/gateway.go:306.16,310.3 3 0
mawinter-server/internal/server/gateway.go:312.2,313.16 2 0
mawinter-server/internal/server/gateway.go:313.16,317.3 3 0
mawinter-server/internal/server/gateway.go:319.2,321.35 3 0
mawinter-server/internal/server/gateway.go:325.73,332.16 3 0
mawinter-server/internal/server/gateway.go:332.16,336.3 3 0
mawinter-server/internal/server/gateway.go:338.2,340.35 3 0
mawinter-server/internal/server/gateway.go:343.76,345.16 2 0
mawinter-server/internal/server/gateway.go:345.16,349.3 3 0
mawinter-server/internal/server/gateway.go:351.2,352.16 2 0
mawinter-server/internal/server/gateway.go:352.16,356.3 3 0
mawinter-server/internal/server/gateway.go:358.2,360.35 3 0
mawinter-server/internal/server/gateway.go:363.32,365.2 1 0
mawinter-server/internal/server/gateway.go:367.26,369.2 1 0
mawinter-server/internal/server/server.go:42.51,44.16 2 0
mawinter-server/internal/server/server.go:44.16,47.3 2 0
mawinter-server/internal/server/server.go:48.2,54.53 6 0
mawinter-server/internal/server/server.go:54.53,57.3 2 0
mawinter-server/internal/server/server.go:59.2,59.12 1 0
mawinter-server/internal/server/server.go:62.65,63.71 1 0
mawinter-server/internal/server/server.go:63.71,64.24 1 0
mawinter-server/internal/server/server.go:64.24,66.4 1 0
mawinter-server/internal/server/server.go:67.3,67.20 1 0
mawinter-server/internal/openapi/server.gen.go:60.68,62.2 1 0
mawinter-server/internal/openapi/server.gen.go:66.78,68.2 1 0
mawinter-server/internal/openapi/server.gen.go:72.102,74.2 1 0
mawinter-server/internal/openapi/server.gen.go:78.77,80.2 1 0
mawinter-server/internal/openapi/server.gen.go:84.81,86.2 1 0
mawinter-server/internal/openapi/server.gen.go:90.120,92.2 1 0
mawinter-server/internal/openapi/server.gen.go:96.90,98.2 1 0
mawinter-server/internal/openapi/server.gen.go:102.129,104.2 1 0
mawinter-server/internal/openapi/server.gen.go:107.104,109.2 1 0
mawinter-server/internal/openapi/server.gen.go:112.103,114.2 1 0
mawinter-server/internal/openapi/server.gen.go:118.141,120.2 1 0
mawinter-server/internal/openapi/server.gen.go:124.75,126.2 1 0
mawinter-server/internal/openapi/server.gen.go:138.80,141.88 2 0
mawinter-server/internal/openapi/server.gen.go:141.88,143.3 1 0
mawinter-server/internal/openapi/server.gen.go:145.2,145.52 1 0
mawinter-server/internal/openapi/server.gen.go:145.52,147.3 1 0
mawinter-server/internal/openapi/server.gen.go:149.2,149.42 1 0
mawinter-server/internal/openapi/server.gen.go:153.90,156.88 2 0
mawinter-server/internal/openapi/server.gen.go:156.88,158.3 1 0
mawinter-server/internal/openapi/server.gen.go:160.2,160.52 1 0
mawinter-server/internal/openapi/server.gen.go:160.52,162.3 1 0
mawinter-server/internal/openapi/server.gen.go:164.2,164.42 1 0
mawinter-server/internal/openapi/server.gen.go:168.88,179.16 5 0
mawinter-server/internal/openapi/server.gen.go:179.16,182.3 2 0
mawinter-server/internal/openapi/server.gen.go:186.2,187.16 2 0
mawinter-server/internal/openapi/server.gen.go:187.16,190.3 2 0
mawinter-server/internal/openapi/server.gen.go:192.2,192.88 1 0
mawinter-server/internal/openapi/server.gen.go:192.88,194.3 1 0
mawinter-server/internal/openapi/server.gen.go:196.2,196.52 1 0
mawinter-server/internal/openapi/server.gen.go:196.52,198.3 1 0
mawinter-server/internal/openapi/server.gen.go:200.2,200.42 1 0
mawinter-server/internal/openapi/server.gen.go:204.89,207.88 2 0
mawinter-server/internal/openapi/server.gen.go:207.88,209.3 1 0
mawinter-server/internal/openapi/server.gen.go:211.2,211.52 1 0
mawinter-server/internal/openapi/server.gen.go:211.52,213.3 1 0
mawinter-server/internal/openapi/server.gen.go:215.2,215.42 1 0
mawinter-server/internal/openapi/server.gen.go:219.93,222.88 2 0
mawinter-server/internal/openapi/server.gen.go:222.88,224.3 1 0
mawinter-server/internal/openapi/server.gen.go:226.2,226.52 1 0
mawinter-server/internal/openapi/server.gen.go:226.52,228.3 1 0
mawinter-server/internal/openapi/server.gen.go:230.2,230.42 1 0
mawinter-server/internal/openapi/server.gen.go:234.97,245.16 5 0
mawinter-server/internal/openapi/server.gen.go:245.16,248.3 2 0
mawinter-server/internal/openapi/server.gen.go:250.2,250.88 1 0
mawinter-server/internal/openapi/server.gen.go:250.88,252.3 1 0
mawinter-server/internal/openapi/server.gen.go:254.2,254.52 1 0
mawinter-server/internal/openapi/server.gen.go:254.52,256.3 1 0
mawinter-server/internal/openapi/server.gen.go:258.2,258.42 1 0
mawinter-server/internal/openapi/server.gen.go:262.92,271.16 5 0
mawinter-server/internal/openapi/server.gen.go:271.16,274.3 2 0
mawinter-server/internal/openapi/server.gen.go:276.2,276.88 1 0
mawinter-server/internal/openapi/server.gen.go:276.88,278.3 1 0
mawinter-server/internal/openapi/server.gen.go:280.2,280.52 1 0
mawinter-server/internal/openapi/server.gen.go:280.52,282.3 1 0
mawinter-server/internal/openapi/server.gen.go:284.2,284.42 1 0
mawinter-server/internal/openapi/server.gen.go:288.94,297.16 5 0
mawinter-server/internal/openapi/server.gen.go:297.16,300.3 2 0
mawinter-server/internal/openapi/server.gen.go:303.2,308.16 3 0
mawinter-server/internal/openapi/server.gen.go:308.16,311.3 2 0
mawinter-server/internal/openapi/server.gen.go:315.2,316.16 2 0
mawinter-server/internal/openapi/server.gen.go:316.16,319.3 2 0
mawinter-server/internal/openapi/server.gen.go:321.2,321.88 1 0
mawinter-server/internal/openapi/server.gen.go:321.88,323.3 1 0
mawinter-server/internal/openapi/server.gen.go:325.2,325.52 1 0
mawinter-server/internal/openapi/server.gen.go:325.52,327.3 1 0
mawinter-server/internal/openapi/server.gen.go:329.2,329.42 1 0
mawinter-server/internal/openapi/server.gen.go:333.101,342.16 5 0
mawinter-server/internal/openapi/server.gen.go:342.16,345.3 2 0
mawinter-server/internal/openapi/server.gen.go:347.2,347.88 1 0
mawinter-server/internal/openapi/server.gen.go:347.88,349.3 1 0
mawinter-server/internal/openapi/server.gen.go:351.2,351.52 1 0
mawinter-server/internal/openapi/server.gen.go:351.52,353.3 1 0
mawinter-server/internal/openapi/server.gen.go:355.2,355.42 1 0
mawinter-server/internal/openapi/server.gen.go:359.100,368.16 5 0
mawinter-server/internal/openapi/server.gen.go:368.16,371.3 2 0
mawinter-server/internal/openapi/server.gen.go:373.2,373.88 1 0
mawinter-server/internal/openapi/server.gen.go:373.88,375.3 1 0
mawinter-server/internal/openapi/server.gen.go:377.2,377.52 1 0
mawinter-server/internal/openapi/server.gen.go:377.52,379.3 1 0
mawinter-server/internal/openapi/server.gen.go:381.2,381.42 1 0
mawinter-server/internal/openapi/server.gen.go:385.100,394.16 5 0
mawinter-server/internal/openapi/server.gen.go:394.16,397.3 2 0
mawinter-server/internal/openapi/server.gen.go:400.2,405.16 3 0
mawinter-server/internal/openapi/server.gen.go:405.16,408.3 2 0
mawinter-server/internal/openapi/server.gen.go:410.2,410.88 1 0
mawinter-server/internal/openapi/server.gen.go:410.88,412.3 1 0
mawinter-server/internal/openapi/server.gen.go:414.2,414.52 1 0
mawinter-server/internal/openapi/server.gen.go:414.52,416.3 1 0
mawinter-server/internal/openapi/server.gen.go:418.2,418.42 1 0
mawinter-server/internal/openapi/server.gen.go:422.87,425.88 2 0
mawinter-server/internal/openapi/server.gen.go:425.88,427.3 1 0
mawinter-server/internal/openapi/server.gen.go:429.2,429.52 1 0
mawinter-server/internal/openapi/server.gen.go:429.52,431.3 1 0
mawinter-server/internal/openapi/server.gen.go:433.2,433.42 1 0
mawinter-server/internal/openapi/server.gen.go:441.52,443.2 1 0
mawinter-server/internal/openapi/server.gen.go:445.52,447.2 1 0
mawinter-server/internal/openapi/server.gen.go:454.49,456.2 1 0
mawinter-server/internal/openapi/server.gen.go:458.49,460.2 1 0
mawinter-server/internal/openapi/server.gen.go:466.45,468.2 1 0
mawinter-server/internal/openapi/server.gen.go:475.46,477.2 1 0
mawinter-server/internal/openapi/server.gen.go:479.46,481.2 1 0
mawinter-server/internal/openapi/server.gen.go:488.50,490.2 1 0
mawinter-server/internal/openapi/server.gen.go:492.50,494.2 1 0
mawinter-server/internal/openapi/server.gen.go:501.53,503.2 1 0
mawinter-server/internal/openapi/server.gen.go:506.47,508.2 1 0
mawinter-server/internal/openapi/server.gen.go:518.68,522.2 1 0
mawinter-server/internal/openapi/server.gen.go:524.95,529.2 1 0
mawinter-server/internal/openapi/server.gen.go:532.84,535.14 2 0
mawinter-server/internal/openapi/server.gen.go:535.14,537.3 1 0
mawinter-server/internal/openapi/server.gen.go:538.2,538.37 1 0
mawinter-server/internal/openapi/server.gen.go:538.37,539.86 1 0
mawinter-server/internal/openapi/server.gen.go:539.86,541.4 1 0
mawinter-server/internal/openapi/server.gen.go:543.2,549.29 2 0
mawinter-server/internal/openapi/server.gen.go:549.29,551.3 1 0
mawinter-server/internal/openapi/server.gen.go:552.2,552.29 1 0
mawinter-server/internal/openapi/server.gen.go:552.29,554.3 1 0
mawinter-server/internal/openapi/server.gen.go:555.2,555.29 1 0
mawinter-server/internal/openapi/server.gen.go:555.29,557.3 1 0
mawinter-server/internal/openapi/server.gen.go:558.2,558.29 1 0
mawinter-server/internal/openapi/server.gen.go:558.29,560.3 1 0
mawinter-server/internal/openapi/server.gen.go:561.2,561.29 1 0
mawinter-server/internal/openapi/server.gen.go:561.29,563.3 1 0
mawinter-server/internal/openapi/server.gen.go:564.2,564.29 1 0
mawinter-server/internal/openapi/server.gen.go:564.29,566.3 1 0
mawinter-server/internal/openapi/server.gen.go:567.2,567.29 1 0
mawinter-server/internal/openapi/server.gen.go:567.29,569.3 1 0
mawinter-server/internal/openapi/server.gen.go:570.2,570.29 1 0
mawinter-server/internal/openapi/server.gen.go:570.29,572.3 1 0
mawinter-server/internal/openapi/server.gen.go:573.2,573.29 1 0
mawinter-server/internal/openapi/server.gen.go:573.29,575.3 1 0
mawinter-server/internal/openapi/server.gen.go:576.2,576.29 1 0
mawinter-server/internal/openapi/server.gen.go:576.29,578.3 1 0
mawinter-server/internal/openapi/server.gen.go:579.2,579.29 1 0
mawinter-server/internal/openapi/server.gen.go:579.29,581.3 1 0
mawinter-server/internal/openapi/server.gen.go:582.2,582.29 1 0
mawinter-server/internal/openapi/server.gen.go:582.29,584.3 1 0
mawinter-server/internal/openapi/server.gen.go:586.2,586.10 1 0
mawinter-server/internal/openapi/spec.gen.go:52.35,54.16 2 1
mawinter-server/internal/openapi/spec.gen.go:54.16,56.3 1 0
mawinter-server/internal/openapi/spec.gen.go:57.2,58.16 2 1
mawinter-server/internal/openapi/spec.gen.go:58.16,60.3 1 0
mawinter-server/internal/openapi/spec.gen.go:61.2,63.16 3 1
mawinter-server/internal/openapi/spec.gen.go:63.16,65.3 1 0
mawinter-server/internal/openapi/spec.gen.go:67.2,67.25 1 1
mawinter-server/internal/openapi/spec.gen.go:73.48,75.32 2 1
mawinter-server/internal/openapi/spec.gen.go:75.32,77.3 1 0
mawinter-server/internal/openapi/spec.gen.go:81.73,83.25 2 0
mawinter-server/internal/openapi/spec.gen.go:83.25,85.3 1 0
mawinter-server/internal/openapi/spec.gen.go:87.2,87.12 1 0
mawinter-server/internal/openapi/spec.gen.go:95.52,100.87 4 0
mawinter-server/internal/openapi/spec.gen.go:100.87,104.10 4 0
mawinter-server/internal/openapi/spec.gen.go:104.10,107.4 2 0
mawinter-server/internal/openapi/spec.gen.go:108.3,108.19 1 0
mawinter-server/internal/openapi/spec.gen.go:110.2,112.16 3 0
mawinter-server/internal/openapi/spec.gen.go:112.16,114.3 1 0
mawinter-server/internal/openapi/spec.gen.go:115.2,116.16 2 0
mawinter-server/internal/openapi/spec.gen.go:116.16,118.3 1 0
mawinter-server/internal/openapi/spec.gen.go:119.2,119.8 1 0
mawinter-server/internal/service/duplicatecheck.go:16.13,18.16 2 1
mawinter-server/internal/service/duplicatecheck.go:18.16,19.13 1 0
mawinter-server/internal/service/duplicatecheck.go:21.2,21.9 1 1
mawinter-server/internal/service/duplicatecheck.go:37.71,39.36 1 1
mawinter-server/internal/service/duplicatecheck.go:39.36,41.3 1 1
mawinter-server/internal/service/duplicatecheck.go:43.2,43.26 1 1
mawinter-server/internal/service/duplicatecheck.go:43.26,45.3 1 0
mawinter-server/internal/service/duplicatecheck.go:47.2,47.70 1 1
mawinter-server/internal/service/duplicatecheck.go:47.70,49.3 1 1
mawinter-server/internal/service/duplicatecheck.go:51.2,51.13 1 1
mawinter-server/internal/service/duplicatecheck.go:54.96,59.16 4 1
mawinter-server/internal/service/duplicatecheck.go:59.16,61.3 1 0
mawinter-server/internal/service/duplicatecheck.go:63.2,64.25 2 1
mawinter-server/internal/service/duplicatecheck.go:64.25,65.36 1 1
mawinter-server/internal/service/duplicatecheck.go:65.36,67.12 1 0
mawinter-server/internal/service/duplicatecheck.go:69.3,69.31 1 1
mawinter-server/internal/service/duplicatecheck.go:72.2,76.28 3 1
mawinter-server/internal/service/duplicatecheck.go:76.28,77.29 1 1
mawinter-server/internal/service/duplicatecheck.go:77.29,79.14 1 1
mawinter-server/internal/service/duplicatecheck.go:79.14,80.13 1 1
mawinter-server/internal/service/duplicatecheck.go:83.4,83.35 1 1
mawinter-server/internal/service/duplicatecheck.go:83.35,87.5 3 1
mawinter-server/internal/service/duplicatecheck.go:91.2,92.16 2 1
mawinter-server/internal/service/duplicatecheck.go:92.16,94.17 2 1
mawinter-server/internal/service/duplicatecheck.go:94.17,97.4 2 0
mawinter-server/internal/service/duplicatecheck.go:100.2,100.12 1 1
mawinter-server/internal/service/mock.go:12.146,33.2 1 1
mawinter-server/internal/service/mock.go:35.102,37.2 1 1
mawinter-server/internal/openapi/server.gen.go:60.68,62.2 1 0
mawinter-server/internal/openapi/server.gen.go:66.78,68.2 1 0
mawinter-server/internal/openapi/server.gen.go:72.102,74.2 1 0
mawinter-server/internal/openapi/server.gen.go:78.77,80.2 1 0
mawinter-server/internal/openapi/server.gen.go:84.81,86.2 1 0
mawinter-server/internal/openapi/server.gen.go:90.120,92.2 1 0
mawinter-server/internal/openapi/server.gen.go:96.90,98.2 1 0
mawinter-server/internal/openapi/server.gen.go:102.129,104.2 1 0
mawinter-server/internal/openapi/server.gen.go:107.104,109.2 1 0
mawinter-server/internal/openapi/server.gen.go:112.103,114.2 1 0
mawinter-server/internal/openapi/server.gen.go:118.141,120.2 1 0
mawinter-server/internal/openapi/server.gen.go:124.75,126.2 1 0
mawinter-server/internal/openapi/server.gen.go:138.80,141.88 2 0
mawinter-server/internal/openapi/server.gen.go:141.88,143.3 1 0
mawinter-server/internal/openapi/server.gen.go:145.2,145.52 1 0
mawinter-server/internal/openapi/server.gen.go:145.52,147.3 1 0
mawinter-server/internal/openapi/server.gen.go:149.2,149.42 1 0
mawinter-server/internal/openapi/server.gen.go:153.90,156.88 2 0
mawinter-server/internal/openapi/server.gen.go:156.88,158.3 1 0
mawinter-server/internal/openapi/server.gen.go:160.2,160.52 1 0
mawinter-server/internal/openapi/server.gen.go:160.52,162.3 1 0
mawinter-server/internal/openapi/server.gen.go:164.2,164.42 1 0
mawinter-server/internal/openapi/server.gen.go:168.88,179.16 5 0
mawinter-server/internal/openapi/server.gen.go:179.16,182.3 2 0
mawinter-server/internal/openapi/server.gen.go:186.2,187.16 2 0
mawinter-server/internal/openapi/server.gen.go:187.16,190.3 2 0
mawinter-server/internal/openapi/server.gen.go:192.2,192.88 1 0
mawinter-server/internal/openapi/server.gen.go:192.88,194.3 1 0
mawinter-server/internal/openapi/server.gen.go:196.2,196.52 1 0
mawinter-server/internal/openapi/server.gen.go:196.52,198.3 1 0
mawinter-server/internal/openapi/server.gen.go:200.2,200.42 1 0
mawinter-server/internal/openapi/server.gen.go:204.89,207.88 2 0
mawinter-server/internal/openapi/server.gen.go:207.88,209.3 1 0
mawinter-server/internal/openapi/server.gen.go:211.2,211.52 1 0
mawinter-server/internal/openapi/server.gen.go:211.52,213.3 1 0
mawinter-server/internal/openapi/server.gen.go:215.2,215.42 1 0
mawinter-server/internal/openapi/server.gen.go:219.93,222.88 2 0
mawinter-server/internal/openapi/server.gen.go:222.88,224.3 1 0
mawinter-server/internal/openapi/server.gen.go:226.2,226.52 1 0
mawinter-server/internal/openapi/server.gen.go:226.52,228.3 1 0
mawinter-server/internal/openapi/server.gen.go:230.2,230.42 1 0
mawinter-server/internal/openapi/server.gen.go:234.97,245.16 5 0
mawinter-server/internal/openapi/server.gen.go:245.16,248.3 2 0
mawinter-server/internal/openapi/server.gen.go:250.2,250.88 1 0
mawinter-server/internal/openapi/server.gen.go:250.88,252.3 1 0
mawinter-server/internal/openapi/server.gen.go:254.2,254.52 1 0
mawinter-server/internal/openapi/server.gen.go:254.52,256.3 1 0
mawinter-server/internal/openapi/server.gen.go:258.2,258.42 1 0
mawinter-server/internal/openapi/server.gen.go:262.92,271.16 5 0
mawinter-server/internal/openapi/server.gen.go:271.16,274.3 2 0
mawinter-server/internal/openapi/server.gen.go:276.2,276.88 1 0
mawinter-server/internal/openapi/server.gen.go:276.88,278.3 1 0
mawinter-server/internal/openapi/server.gen.go:280.2,280.52 1 0
mawinter-server/internal/openapi/server.gen.go:280.52,282.3 1 0
mawinter-server/internal/openapi/server.gen.go:284.2,284.42 1 0
mawinter-server/internal/openapi/server.gen.go:288.94,297.16 5 0
mawinter-server/internal/openapi/server.gen.go:297.16,300.3 2 0
mawinter-server/internal/openapi/server.gen.go:303.2,308.16 3 0
mawinter-server/internal/openapi/server.gen.go:308.16,311.3 2 0
mawinter-server/internal/openapi/server.gen.go:315.2,316.16 2 0
mawinter-server/internal/openapi/server.gen.go:316.16,319.3 2 0
mawinter-server/internal/openapi/server.gen.go:321.2,321.88 1 0
mawinter-server/internal/openapi/server.gen.go:321.88,323.3 1 0
mawinter-server/internal/openapi/server.gen.go:325.2,325.52 1 0
mawinter-server/internal/openapi/server.gen.go:325.52,327.3 1 0
mawinter-server/internal/openapi/server.gen.go:329.2,329.42 1 0
mawinter-server/internal/openapi/server.gen.go:333.101,342.16 5 0
mawinter-server/internal/openapi/server.gen.go:342.16,345.3 2 0
mawinter-server/internal/openapi/server.gen.go:347.2,347.88 1 0
mawinter-server/internal/openapi/server.gen.go:347.88,349.3 1 0
mawinter-server/internal/openapi/server.gen.go:351.2,351.52 1 0
mawinter-server/internal/openapi/server.gen.go:351.52,353.3 1 0
mawinter-server/internal/openapi/server.gen.go:355.2,355.42 1 0
mawinter-server/internal/openapi/server.gen.go:359.100,368.16 5 0
mawinter-server/internal/openapi/server.gen.go:368.16,371.3 2 0
mawinter-server/internal/openapi/server.gen.go:373.2,373.88 1 0
mawinter-server/internal/openapi/server.gen.go:373.88,375.3 1 0
mawinter-server/internal/openapi/server.gen.go:377.2,377.52 1 0
mawinter-server/internal/openapi/server.gen.go:377.52,379.3 1 0
mawinter-server/internal/openapi/server.gen.go:381.2,381.42 1 0
mawinter-server/internal/openapi/server.gen.go:385.100,394.16 5 0
mawinter-server/internal/openapi/server.gen.go:394.16,397.3 2 0
mawinter-server/internal/openapi/server.gen.go:400.2,405.16 3 0
mawinter-server/internal/openapi/server.gen.go:405.16,408.3 2 0
mawinter-server/internal/openapi/server.gen.go:410.2,410.88 1 0
mawinter-server/internal/openapi/server.gen.go:410.88,412.3 1 0
mawinter-server/internal/openapi/server.gen.go:414.2,414.52 1 0
mawinter-server/internal/openapi/server.gen.go:414.52,416.3 1 0
mawinter-server/internal/openapi/server.gen.go:418.2,418.42 1 0
mawinter-server/internal/openapi/server.gen.go:422.87,425.88 2 0
mawinter-server/internal/openapi/server.gen.go:425.88,427.3 1 0
mawinter-server/internal/openapi/server.gen.go:429.2,429.52 1 0
mawinter-server/internal/openapi/server.gen.go:429.52,431.3 1 0
mawinter-server/internal/openapi/server.gen.go:433.2,433.42 1 0
mawinter-server/internal/openapi/server.gen.go:441.52,443.2 1 0
mawinter-server/internal/openapi/server.gen.go:445.52,447.2 1 0
mawinter-server/internal/openapi/server.gen.go:454.49,456.2 1 0
mawinter-server/internal/openapi/server.gen.go:458.49,460.2 1 0
mawinter-server/internal/openapi/server.gen.go:466.45,468.2 1 0
mawinter-server/internal/openapi/server.gen.go:475.46,477.2 1 0
mawinter-server/internal/openapi/server.gen.go:479.46,481.2 1 0
mawinter-server/internal/openapi/server.gen.go:488.50,490.2 1 0
mawinter-server/internal/openapi/server.gen.go:492.50,494.2 1 0
mawinter-server/internal/openapi/server.gen.go:501.53,503.2 1 0
mawinter-server/internal/openapi/server.gen.go:506.47,508.2 1 0
mawinter-server/internal/openapi/server.gen.go:518.68,522.2 1 0
mawinter-server/internal/openapi/server.gen.go:524.95,529.2 1 0
mawinter-server/internal/openapi/server.gen.go:532.84,535.14 2 0
mawinter-server/internal/openapi/server.gen.go:535.14,537.3 1 0
mawinter-server/internal/openapi/server.gen.go:538.2,538.37 1 0
mawinter-server/internal/openapi/server.gen.go:538.37,539.86 1 0
mawinter-server/internal/openapi/server.gen.go:539.86,541.4 1 0
mawinter-server/internal/openapi/server.gen.go:543.2,549.29 2 0
mawinter-server/internal/openapi/server.gen.go:549.29,551.3 1 0
mawinter-server/internal/openapi/server.gen.go:552.2,552.29 1 0
mawinter-server/internal/openapi/server.gen.go:552.29,554.3 1 0
mawinter-server/internal/openapi/server.gen.go:555.2,555.29 1 0
mawinter-server/internal/openapi/server.gen.go:555.29,557.3 1 0
mawinter-server/internal/openapi/server.gen.go:558.2,558.29 1 0
mawinter-server/internal/openapi/server.gen.go:558.29,560.3 1 0
mawinter-server/internal/openapi/server.gen.go:561.2,561.29 1 0
mawinter-server/internal/openapi/server.gen.go:561.29,563.3 1 0
mawinter-server/internal/openapi/server.gen.go:564.2,564.29 1 0
mawinter-server/internal/openapi/server.gen.go:564.29,566.3 1 0
mawinter-server/internal/openapi/server.gen.go:567.2,567.29 1 0
mawinter-server/internal/openapi/server.gen.go:567.29,569.3 1 0
mawinter-server/internal/openapi/server.gen.go:570.2,570.29 1 0
mawinter-server/internal/openapi/server.gen.go:570.29,572.3 1 0
mawinter-server/internal/openapi/server.gen.go:573.2,573.29 1 0
mawinter-server/internal/openapi/server.gen.go:573.29,575.3 1 0
mawinter-server/internal/openapi/server.gen.go:576.2,576.29 1 0
mawinter-server/internal/openapi/server.gen.go:576.29,578.3 1 0
mawinter-server/internal/openapi/server.gen.go:579.2,579.29 1 0
mawinter-server/internal/openapi/server.gen.go:579.29,581.3 1 0
mawinter-server/internal/openapi/server.gen.go:582.2,582.29 1 0
mawinter-server/internal/openapi/server.gen.go:582.29,584.3 1 0
mawinter-server/internal/openapi/server.gen.go:586.2,586.10 1 0
mawinter-server/internal/openapi/spec.gen.go:52.35,54.16 2 1
mawinter-server/internal/openapi/spec.gen.go:54.16,56.3 1 0
mawinter-server/internal/openapi/spec.gen.go:57.2,58.16 2 1
mawinter-server/internal/openapi/spec.gen.go:58.16,60.3 1 0
mawinter-server/internal/openapi/spec.gen.go:61.2,63.16 3 1
mawinter-server/internal/openapi/spec.gen.go:63.16,65.3 1 0
mawinter-server/internal/openapi/spec.gen.go:67.2,67.25 1 1
mawinter-server/internal/openapi/spec.gen.go:73.48,75.32 2 1
mawinter-server/internal/openapi/spec.gen.go:75.32,77.3 1 0
mawinter-server/internal/openapi/spec.gen.go:81.73,83.25 2 0
mawinter-server/internal/openapi/spec.gen.go:83.25,85.3 1 0
mawinter-server/internal/openapi/spec.gen.go:87.2,87.12 1 0
mawinter-server/internal/openapi/spec.gen.go:95.52,100.87 4 0
mawinter-server/internal/openapi/spec.gen.go:100.87,104.10 4 0
mawinter-server/internal/openapi/spec.gen.go:104.10,107.4 2 0
mawinter-server/internal/openapi/spec.gen.go:108.3,108.19 1 0
mawinter-server/internal/openapi/spec.gen.go:110.2,112.16 3 0
mawinter-server/internal/openapi/spec.gen.go:112.16,114.3 1 0
mawinter-server/internal/openapi/spec.gen.go:115.2,116.16 2 0
mawinter-server/internal/openapi/spec.gen.go:116.16,118.3 1 0
mawinter-server/internal/openapi/spec.gen.go:119.2,119.8 1 0
mawinter-server/internal/repository/v2/db.go:21.46,23.16 2 0
mawinter-server/internal/repository/v2/db.go:23.16,25.3 1 0
mawinter-server/internal/repository/v2/db.go:26.2,26.23 1 0
mawinter-server/internal/repository/v2/db.go:29.92,31.16 2 0
mawinter-server/internal/repository/v2/db.go:31.16,33.3 1 0
mawinter-server/internal/repository/v2/db.go:35.2,36.24 2 0
mawinter-server/internal/repository/v2/db.go:36.24,38.3 1 0
mawinter-server/internal/repository/v2/db.go:40.2,41.16 2 0
mawinter-server/internal/repository/v2/db.go:41.16,43.3 1 0
mawinter-server/internal/repository/v2/db.go:45.2,45.17 1 0
mawinter-server/internal/repository/v2/db.go:48.112,50.22 2 0
mawinter-server/internal/repository/v2/db.go:50.22,52.3 1 0
mawinter-server/internal/repository/v2/db.go:53.2,53.18 1 0
mawinter-server/internal/repository/v2/db.go:56.82,58.22 2 0
mawinter-server/internal/repository/v2/db.go:58.22,60.3 1 0
mawinter-server/internal/repository/v2/db.go:61.2,61.17 1 0
mawinter-server/internal/repository/v2/db.go:64.94,67.2 2 0
mawinter-server/internal/repository/v2/db.go:69.90,72.16 3 0
mawinter-server/internal/repository/v2/db.go:72.16,74.3 1 0
mawinter-server/internal/repository/v2/db.go:75.2,81.50 3 0
mawinter-server/internal/repository/v2/db.go:81.50,83.3 1 0
mawinter-server/internal/repository/v2/db.go:83.8,83.29 1 0
mawinter-server/internal/repository/v2/db.go:83.29,85.3 1 0
mawinter-server/internal/repository/v2/db.go:87.2,87.18 1 0
mawinter-server/internal/repository/v2/db.go:90.105,92.16 2 0
mawinter-server/internal/repository/v2/db.go:92.16,94.3 1 0
mawinter-server/internal/repository/v2/db.go:95.2,98.50 3 0
mawinter-server/internal/repository/v2/db.go:98.50,100.3 1 0
mawinter-server/internal/repository/v2/db.go:100.8,100.29 1 0
mawinter-server/internal/repository/v2/db.go:100.29,102.3 1 0
mawinter-server/internal/repository/v2/db.go:104.2,104.18 1 0
mawinter-server/internal/repository/v2/db.go:107.78,111.22 4 1
mawinter-server/internal/repository/v2/db.go:111.22,113.3 1 1
mawinter-server/internal/repository/v2/db.go:115.2,115.29 1 1
mawinter-server/internal/repository/v2/db.go:115.29,117.3 1 1
mawinter-server/internal/repository/v2/db.go:119.2,119.17 1 1
mawinter-server/internal/repository/v2/db.go:123.110,125.16 2 1
mawinter-server/internal/repository/v2/db.go:125.16,127.3 1 0
mawinter-server/internal/repository/v2/db.go:128.2,133.16 5 1
mawinter-server/internal/repository/v2/db.go:133.16,135.3 1 0
mawinter-server/internal/repository/v2/db.go:136.2,137.18 2 1
mawinter-server/internal/repository/v2/db.go:137.18,140.17 3 1
mawinter-server/internal/repository/v2/db.go:140.17,142.4 1 0
mawinter-server/internal/repository/v2/db.go:143.3,143.30 1 1
mawinter-server/internal/repository/v2/db.go:146.2,146.20 1 1
mawinter-server/internal/repository/v2/db.go:150.98,155.51 4 1
mawinter-server/internal/repository/v2/db.go:155.51,157.18 2 1
mawinter-server/internal/repository/v2/db.go:157.18,159.4 1 0
mawinter-server/internal/repository/v2/db.go:160.3,160.25 1 1
mawinter-server/internal/repository/v2/db.go:160.25,170.4 1 0
mawinter-server/internal/repository/v2/db.go:171.3,171.30 1 1
mawinter-server/internal/repository/v2/db.go:171.30,173.18 2 1
mawinter-server/internal/repository/v2/db.go:173.18,175.5 1 0
mawinter-server/internal/repository/v2/db.go:176.4,176.37 1 1
mawinter-server/internal/repository/v2/db.go:179.3,185.18 3 1
mawinter-server/internal/repository/v2/db.go:185.18,187.4 1 0
mawinter-server/internal/repository/v2/db.go:189.3,189.23 1 1
mawinter-server/internal/repository/v2/db.go:189.23,192.19 2 1
mawinter-server/internal/repository/v2/db.go:192.19,194.5 1 0
mawinter-server/internal/repository/v2/db.go:198.3,198.13 1 1
mawinter-server/internal/repository/v2/db.go:200.2,200.16 1 1
mawinter-server/internal/repository/v2/db.go:200.16,202.3 1 0
mawinter-server/internal/repository/v2/db.go:205.2,206.16 2 1
mawinter-server/internal/repository/v2/db.go:206.16,208.3 1 0
mawinter-server/internal/repository/v2/db.go:210.2,210.28 1 1
mawinter-server/internal/repository/v2/db.go:210.28,212.17 2 1
mawinter-server/internal/repository/v2/db.go:212.17,214.4 1 0
mawinter-server/internal/repository/v2/db.go:215.3,216.27 2 1
mawinter-server/internal/repository/v2/db.go:219.2,219.18 1 1
mawinter-server/internal/repository/v2/db.go:224.80,227.16 3 1
mawinter-server/internal/repository/v2/db.go:227.16,228.45 1 1
mawinter-server/internal/repository/v2/db.go:228.45,230.4 1 1
mawinter-server/internal/repository/v2/db.go:230.9,232.4 1 1
mawinter-server/internal/repository/v2/db.go:235.2,235.18 1 1
mawinter-server/internal/repository/v2/db.go:238.77,240.28 2 1
mawinter-server/internal/repository/v2/db.go:240.28,242.3 1 1
mawinter-server/internal/repository/v2/db.go:242.8,244.3 1 1
mawinter-server/internal/repository/v2/db.go:245.2,250.16 2 1
mawinter-server/internal/repository/v2/db.go:250.16,252.3 1 1
mawinter-server/internal/repository/v2/db.go:254.2,254.11 1 1
mawinter-server/internal/repository/v2/db.go:257.93,261.16 4 0
mawinter-server/internal/repository/v2/db.go:261.16,262.45 1 0
mawinter-server/internal/repository/v2/db.go:262.45,268.4 1 0
mawinter-server/internal/repository/v2/db.go:268.9,270.4 1 0
mawinter-server/internal/repository/v2/db.go:273.2,274.16 2 0
mawinter-server/internal/repository/v2/db.go:277.110,282.13 4 0
mawinter-server/internal/repository/v2/db.go:282.13,284.3 1 0
mawinter-server/internal/repository/v2/db.go:284.8,286.3 1 0
mawinter-server/internal/repository/v2/db.go:288.2,288.51 1 0
mawinter-server/internal/repository/v2/db.go:288.51,291.62 2 0
mawinter-server/internal/repository/v2/db.go:291.62,293.4 1 0
mawinter-server/internal/repository/v2/db.go:296.3,303.18 3 0
mawinter-server/internal/repository/v2/db.go:303.18,305.4 1 0
mawinter-server/internal/repository/v2/db.go:308.3,308.13 1 0
mawinter-server/internal/repository/v2/db.go:310.2,310.16 1 0
mawinter-server/internal/repository/v2/db.go:310.16,312.3 1 0
mawinter-server/internal/repository/v2/db.go:314.2,315.16 2 0
mawinter-server/internal/repository/v2/db_register.go:13.100,16.16 3 0
mawinter-server/internal/repository/v2/db_register.go:16.16,18.3 1 0
mawinter-server/internal/repository/v2/db_register.go:19.2,26.16 3 0
mawinter-server/internal/repository/v2/db_register.go:26.16,29.3 1 0
mawinter-server/internal/repository/v2/db_register.go:29.8,29.52 1 0
mawinter-server/internal/repository/v2/db_register.go:29.52,32.3 1 0
mawinter-server/internal/repository/v2/db_register.go:33.2,34.24 2 0
mawinter-server/internal/repository/v2/db_register.go:34.24,36.3 1 0
mawinter-server/internal/repository/v2/db_register.go:38.2,39.17 2 0
mawinter-server/internal/repository/v2/db_register.go:42.95,45.16 3 0
mawinter-server/internal/repository/v2/db_register.go:45.16,47.3 1 0
mawinter-server/internal/repository/v2/db_register.go:48.2,48.25 1 0
mawinter-server/internal/repository/v2/db_register.go:48.25,58.3 1 0
mawinter-server/internal/repository/v2/db_register.go:59.2,59.22 1 0
mawinter-server/internal/repository/v2/model.go:12.13,14.16 2 1
mawinter-server/internal/repository/v2/model.go:14.16,15.13 1 0
mawinter-server/internal/repository/v2/model.go:17.2,17.9 1 1
mawinter-server/internal/repository/v2/model.go:20.66,24.16 2 1
mawinter-server/internal/repository/v2/model.go:24.16,26.3 1 0
mawinter-server/internal/repository/v2/model.go:27.2,27.15 1 1
mawinter-server/internal/repository/v2/model.go:30.76,34.25 2 1
mawinter-server/internal/repository/v2/model.go:34.25,37.17 2 1
mawinter-server/internal/repository/v2/model.go:37.17,39.4 1 0
mawinter-server/internal/repository/v2/model.go:40.8,43.3 1 1
mawinter-server/internal/repository/v2/model.go:45.2,46.21 2 1
mawinter-server/internal/repository/v2/model.go:46.21,48.3 1 1
mawinter-server/internal/repository/v2/model.go:48.8,50.3 1 1
mawinter-server/internal/repository/v2/model.go:52.2,52.21 1 1
mawinter-server/internal/repository/v2/model.go:52.21,54.3 1 1
mawinter-server/internal/repository/v2/model.go:54.8,56.3 1 1
mawinter-server/internal/repository/v2/model.go:58.2,58.21 1 1
mawinter-server/internal/repository/v2/model.go:58.21,60.3 1 1
mawinter-server/internal/repository/v2/model.go:60.8,62.3 1 1
mawinter-server/internal/repository/v2/model.go:67.2,67.17 1 1
mawinter-server/internal/repository/v2/model.go:71.72,83.2 2 1
